This file contains any messages produced by compilers while
running configure, to aid debugging if configure makes a mistake.

configure:600: checking for a BSD compatible install
configure:653: checking whether build environment is sane
configure:710: checking whether make sets ${MAKE}
configure:756: checking for working aclocal
configure:769: checking for working autoconf
configure:782: checking for working automake
configure:795: checking for working autoheader
configure:808: checking for working makeinfo
configure:825: checking for gcc
configure:938: checking whether the C compiler (gcc  ) works
configure:954: gcc -o conftest    conftest.c  1>&5
configure:980: checking whether the C compiler (gcc  ) is a cross-compiler
configure:985: checking whether we are using GNU C
configure:994: gcc -E conftest.c
configure:1013: checking whether gcc accepts -g
configure:1047: checking for ranlib
configure:1075: checking how to run the C preprocessor
configure:1096: gcc -E  conftest.c >/dev/null 2>conftest.out
configure:1198: checking for GL/gl.h
configure:1208: gcc -E  conftest.c >/dev/null 2>conftest.out
configure:1232: checking for GL/glu.h
configure:1242: gcc -E  conftest.c >/dev/null 2>conftest.out
configure:1266: checking for GL/glut.h
configure:1276: gcc -E  conftest.c >/dev/null 2>conftest.out
configure:1416: checking if GL/GLU/glut frameworks exist
configure:1427: gcc -o conftest -g -O2 -I/usr/X11R6/include   conftest.c  -lobjc -framework GLUT -framework OpenGL 1>&5
gcc: GLUT: No such file or directory
gcc: OpenGL: No such file or directory
cc1: error: unrecognized command line option "-framework"
cc1: error: unrecognized command line option "-framework"
configure: failed program was:
#line 1420 "configure"
#include "confdefs.h"

int main() {
 char glBegin(); void glutSwapBuffers();
; return 0; }
configure:1442: checking for GL/GLU/glut win32 libs
configure:1453: gcc -o conftest -g -O2 -I/usr/X11R6/include   conftest.c  -lglut32 -lopengl32 -lglu32 1>&5
/usr/bin/ld: cannot find -lglut32
collect2: ld returned 1 exit status
configure: failed program was:
#line 1446 "configure"
#include "confdefs.h"

int main() {
 char glBegin(); void glutSwapBuffers();
; return 0; }
configure:1468: checking for GL/GLU/glut unix libs
configure:1479: gcc -o conftest -g -O2 -I/usr/X11R6/include   conftest.c  -lglut -lGLU -lGL 1>&5
configure:1526: checking for debugging mode
configure:1544: checking for dmalloc debugging
