This file contains any messages produced by compilers while
running configure, to aid debugging if configure makes a mistake.

It was created by configure, which was
generated by GNU Autoconf 2.61.  Invocation command line was

  $ ./configure 

## --------- ##
## Platform. ##
## --------- ##

hostname = betamax
uname -m = x86_64
uname -r = 2.6.30-gentoo-r3
uname -s = Linux
uname -v = #2 SMP Thu Jul 23 15:30:45 EST 2009

/usr/bin/uname -p = Intel(R) Pentium(R) D CPU 3.00GHz
/bin/uname -X     = unknown

/bin/arch              = unknown
/usr/bin/arch -k       = unknown
/usr/convex/getsysinfo = unknown
/usr/bin/hostinfo      = unknown
/bin/machine           = unknown
/usr/bin/oslevel       = unknown
/bin/universe          = unknown

PATH: /usr/local/bin
PATH: /usr/bin
PATH: /bin
PATH: /opt/bin
PATH: /usr/x86_64-pc-linux-gnu/gcc-bin/4.4.2
PATH: /opt/e17/bin
PATH: /usr/qt/3/bin
PATH: /usr/lib64/subversion/bin
PATH: /usr/games/bin
PATH: /home/spliff/bin


## ----------- ##
## Core tests. ##
## ----------- ##

configure:1984: checking for a BSD-compatible install
configure:2040: result: /usr/bin/install -c
configure:2051: checking whether build environment is sane
configure:2094: result: yes
configure:2122: checking for a thread-safe mkdir -p
configure:2161: result: /bin/mkdir -p
configure:2174: checking for gawk
configure:2190: found /usr/bin/gawk
configure:2201: result: gawk
configure:2212: checking whether make sets $(MAKE)
configure:2233: result: yes
configure:2470: checking for gcc
configure:2486: found /usr/bin/gcc
configure:2497: result: gcc
configure:2735: checking for C compiler version
configure:2742: gcc --version >&5
gcc (Gentoo 4.4.2 p1.0) 4.4.2
Copyright (C) 2009 Free Software Foundation, Inc.
This is free software; see the source for copying conditions.  There is NO
warranty; not even for MERCHANTABILITY or FITNESS FOR A PARTICULAR PURPOSE.

configure:2745: $? = 0
configure:2752: gcc -v >&5
Using built-in specs.
Target: x86_64-pc-linux-gnu
Configured with: /var/tmp/portage/sys-devel/gcc-4.4.2/work/gcc-4.4.2/configure --prefix=/usr --bindir=/usr/x86_64-pc-linux-gnu/gcc-bin/4.4.2 --includedir=/usr/lib/gcc/x86_64-pc-linux-gnu/4.4.2/include --datadir=/usr/share/gcc-data/x86_64-pc-linux-gnu/4.4.2 --mandir=/usr/share/gcc-data/x86_64-pc-linux-gnu/4.4.2/man --infodir=/usr/share/gcc-data/x86_64-pc-linux-gnu/4.4.2/info --with-gxx-include-dir=/usr/lib/gcc/x86_64-pc-linux-gnu/4.4.2/include/g++-v4 --host=x86_64-pc-linux-gnu --build=x86_64-pc-linux-gnu --disable-altivec --disable-fixed-point --without-ppl --without-cloog --enable-nls --without-included-gettext --with-system-zlib --disable-checking --disable-werror --enable-secureplt --enable-multilib --enable-libmudflap --disable-libssp --enable-libgomp --enable-cld --with-python-dir=/share/gcc-data/x86_64-pc-linux-gnu/4.4.2/python --disable-libgcj --enable-languages=c,c++,fortran --enable-shared --enable-threads=posix --enable-__cxa_atexit --enable-clocale=gnu --with-bugurl=http://bugs.gentoo.org/ --with-pkgversion='Gentoo 4.4.2 p1.0'
Thread model: posix
gcc version 4.4.2 (Gentoo 4.4.2 p1.0) 
configure:2755: $? = 0
configure:2762: gcc -V >&5
gcc: '-V' option must have argument
configure:2765: $? = 1
configure:2788: checking for C compiler default output file name
configure:2815: gcc    conftest.c  >&5
configure:2818: $? = 0
configure:2856: result: a.out
configure:2873: checking whether the C compiler works
configure:2883: ./a.out
configure:2886: $? = 0
configure:2903: result: yes
configure:2910: checking whether we are cross compiling
configure:2912: result: no
configure:2915: checking for suffix of executables
configure:2922: gcc -o conftest    conftest.c  >&5
configure:2925: $? = 0
configure:2949: result: 
configure:2955: checking for suffix of object files
configure:2981: gcc -c   conftest.c >&5
configure:2984: $? = 0
configure:3007: result: o
configure:3011: checking whether we are using the GNU C compiler
configure:3040: gcc -c   conftest.c >&5
configure:3046: $? = 0
configure:3063: result: yes
configure:3068: checking whether gcc accepts -g
configure:3098: gcc -c -g  conftest.c >&5
configure:3104: $? = 0
configure:3203: result: yes
configure:3220: checking for gcc option to accept ISO C89
configure:3294: gcc  -c -g -O2  conftest.c >&5
configure:3300: $? = 0
configure:3323: result: none needed
configure:3352: checking for style of include used by make
configure:3380: result: GNU
configure:3405: checking dependency style of gcc
configure:3496: result: gcc3
configure:3589: checking build system type
configure:3607: result: x86_64-unknown-linux-gnu
configure:3629: checking host system type
configure:3644: result: x86_64-unknown-linux-gnu
configure:3666: checking for a sed that does not truncate output
configure:3722: result: /usr/bin/sed
configure:3725: checking for grep that handles long lines and -e
configure:3799: result: /bin/grep
configure:3804: checking for egrep
configure:3882: result: /bin/grep -E
configure:3898: checking for ld used by gcc
configure:3965: result: /usr/x86_64-pc-linux-gnu/bin/ld
configure:3974: checking if the linker (/usr/x86_64-pc-linux-gnu/bin/ld) is GNU ld
configure:3989: result: yes
configure:3994: checking for /usr/x86_64-pc-linux-gnu/bin/ld option to reload object files
configure:4001: result: -r
configure:4019: checking for BSD-compatible nm
configure:4068: result: /usr/bin/nm -B
configure:4072: checking whether ln -s works
configure:4076: result: yes
configure:4083: checking how to recognize dependent libraries
configure:4269: result: pass_all
configure:4358: gcc -c -g -O2  conftest.c >&5
configure:4361: $? = 0
configure:4514: checking how to run the C preprocessor
configure:4554: gcc -E  conftest.c
configure:4560: $? = 0
configure:4591: gcc -E  conftest.c
conftest.c:10:28: error: ac_nonexistent.h: No such file or directory
configure:4597: $? = 1
configure: failed program was:
| /* confdefs.h.  */
| #define PACKAGE_NAME ""
| #define PACKAGE_TARNAME ""
| #define PACKAGE_VERSION ""
| #define PACKAGE_STRING ""
| #define PACKAGE_BUGREPORT ""
| #define PACKAGE "lib3ds"
| #define VERSION "2.0.0"
| /* end confdefs.h.  */
| #include <ac_nonexistent.h>
configure:4630: result: gcc -E
configure:4659: gcc -E  conftest.c
configure:4665: $? = 0
configure:4696: gcc -E  conftest.c
conftest.c:10:28: error: ac_nonexistent.h: No such file or directory
configure:4702: $? = 1
configure: failed program was:
| /* confdefs.h.  */
| #define PACKAGE_NAME ""
| #define PACKAGE_TARNAME ""
| #define PACKAGE_VERSION ""
| #define PACKAGE_STRING ""
| #define PACKAGE_BUGREPORT ""
| #define PACKAGE "lib3ds"
| #define VERSION "2.0.0"
| /* end confdefs.h.  */
| #include <ac_nonexistent.h>
configure:4740: checking for ANSI C header files
configure:4770: gcc -c -g -O2  conftest.c >&5
configure:4776: $? = 0
configure:4875: gcc -o conftest -g -O2   conftest.c  >&5
configure:4878: $? = 0
configure:4884: ./conftest
configure:4887: $? = 0
configure:4904: result: yes
configure:4928: checking for sys/types.h
configure:4949: gcc -c -g -O2  conftest.c >&5
configure:4955: $? = 0
configure:4971: result: yes
configure:4928: checking for sys/stat.h
configure:4949: gcc -c -g -O2  conftest.c >&5
configure:4955: $? = 0
configure:4971: result: yes
configure:4928: checking for stdlib.h
configure:4949: gcc -c -g -O2  conftest.c >&5
configure:4955: $? = 0
configure:4971: result: yes
configure:4928: checking for string.h
configure:4949: gcc -c -g -O2  conftest.c >&5
configure:4955: $? = 0
configure:4971: result: yes
configure:4928: checking for memory.h
configure:4949: gcc -c -g -O2  conftest.c >&5
configure:4955: $? = 0
configure:4971: result: yes
configure:4928: checking for strings.h
configure:4949: gcc -c -g -O2  conftest.c >&5
configure:4955: $? = 0
configure:4971: result: yes
configure:4928: checking for inttypes.h
configure:4949: gcc -c -g -O2  conftest.c >&5
configure:4955: $? = 0
configure:4971: result: yes
configure:4928: checking for stdint.h
configure:4949: gcc -c -g -O2  conftest.c >&5
configure:4955: $? = 0
configure:4971: result: yes
configure:4928: checking for unistd.h
configure:4949: gcc -c -g -O2  conftest.c >&5
configure:4955: $? = 0
configure:4971: result: yes
configure:4998: checking dlfcn.h usability
configure:5015: gcc -c -g -O2  conftest.c >&5
configure:5021: $? = 0
configure:5035: result: yes
configure:5039: checking dlfcn.h presence
configure:5054: gcc -E  conftest.c
configure:5060: $? = 0
configure:5074: result: yes
configure:5102: checking for dlfcn.h
configure:5110: result: yes
configure:5181: checking for g++
configure:5197: found /usr/bin/g++
configure:5208: result: g++
configure:5239: checking for C++ compiler version
configure:5246: g++ --version >&5
g++ (Gentoo 4.4.2 p1.0) 4.4.2
Copyright (C) 2009 Free Software Foundation, Inc.
This is free software; see the source for copying conditions.  There is NO
warranty; not even for MERCHANTABILITY or FITNESS FOR A PARTICULAR PURPOSE.

configure:5249: $? = 0
configure:5256: g++ -v >&5
Using built-in specs.
Target: x86_64-pc-linux-gnu
Configured with: /var/tmp/portage/sys-devel/gcc-4.4.2/work/gcc-4.4.2/configure --prefix=/usr --bindir=/usr/x86_64-pc-linux-gnu/gcc-bin/4.4.2 --includedir=/usr/lib/gcc/x86_64-pc-linux-gnu/4.4.2/include --datadir=/usr/share/gcc-data/x86_64-pc-linux-gnu/4.4.2 --mandir=/usr/share/gcc-data/x86_64-pc-linux-gnu/4.4.2/man --infodir=/usr/share/gcc-data/x86_64-pc-linux-gnu/4.4.2/info --with-gxx-include-dir=/usr/lib/gcc/x86_64-pc-linux-gnu/4.4.2/include/g++-v4 --host=x86_64-pc-linux-gnu --build=x86_64-pc-linux-gnu --disable-altivec --disable-fixed-point --without-ppl --without-cloog --enable-nls --without-included-gettext --with-system-zlib --disable-checking --disable-werror --enable-secureplt --enable-multilib --enable-libmudflap --disable-libssp --enable-libgomp --enable-cld --with-python-dir=/share/gcc-data/x86_64-pc-linux-gnu/4.4.2/python --disable-libgcj --enable-languages=c,c++,fortran --enable-shared --enable-threads=posix --enable-__cxa_atexit --enable-clocale=gnu --with-bugurl=http://bugs.gentoo.org/ --with-pkgversion='Gentoo 4.4.2 p1.0'
Thread model: posix
gcc version 4.4.2 (Gentoo 4.4.2 p1.0) 
configure:5259: $? = 0
configure:5266: g++ -V >&5
g++: '-V' option must have argument
configure:5269: $? = 1
configure:5272: checking whether we are using the GNU C++ compiler
configure:5301: g++ -c   conftest.cpp >&5
configure:5307: $? = 0
configure:5324: result: yes
configure:5329: checking whether g++ accepts -g
configure:5359: g++ -c -g  conftest.cpp >&5
configure:5365: $? = 0
configure:5464: result: yes
configure:5489: checking dependency style of g++
configure:5580: result: gcc3
configure:5605: checking how to run the C++ preprocessor
configure:5641: g++ -E  conftest.cpp
configure:5647: $? = 0
configure:5678: g++ -E  conftest.cpp
conftest.cpp:21:28: error: ac_nonexistent.h: No such file or directory
configure:5684: $? = 1
configure: failed program was:
| /* confdefs.h.  */
| #define PACKAGE_NAME ""
| #define PACKAGE_TARNAME ""
| #define PACKAGE_VERSION ""
| #define PACKAGE_STRING ""
| #define PACKAGE_BUGREPORT ""
| #define PACKAGE "lib3ds"
| #define VERSION "2.0.0"
| #define STDC_HEADERS 1
| #define HAVE_SYS_TYPES_H 1
| #define HAVE_SYS_STAT_H 1
| #define HAVE_STDLIB_H 1
| #define HAVE_STRING_H 1
| #define HAVE_MEMORY_H 1
| #define HAVE_STRINGS_H 1
| #define HAVE_INTTYPES_H 1
| #define HAVE_STDINT_H 1
| #define HAVE_UNISTD_H 1
| #define HAVE_DLFCN_H 1
| /* end confdefs.h.  */
| #include <ac_nonexistent.h>
configure:5717: result: g++ -E
configure:5746: g++ -E  conftest.cpp
configure:5752: $? = 0
configure:5783: g++ -E  conftest.cpp
conftest.cpp:21:28: error: ac_nonexistent.h: No such file or directory
configure:5789: $? = 1
configure: failed program was:
| /* confdefs.h.  */
| #define PACKAGE_NAME ""
| #define PACKAGE_TARNAME ""
| #define PACKAGE_VERSION ""
| #define PACKAGE_STRING ""
| #define PACKAGE_BUGREPORT ""
| #define PACKAGE "lib3ds"
| #define VERSION "2.0.0"
| #define STDC_HEADERS 1
| #define HAVE_SYS_TYPES_H 1
| #define HAVE_SYS_STAT_H 1
| #define HAVE_STDLIB_H 1
| #define HAVE_STRING_H 1
| #define HAVE_MEMORY_H 1
| #define HAVE_STRINGS_H 1
| #define HAVE_INTTYPES_H 1
| #define HAVE_STDINT_H 1
| #define HAVE_UNISTD_H 1
| #define HAVE_DLFCN_H 1
| /* end confdefs.h.  */
| #include <ac_nonexistent.h>
configure:5882: checking for g77
configure:5912: result: no
configure:5882: checking for xlf
configure:5912: result: no
configure:5882: checking for f77
configure:5912: result: no
configure:5882: checking for frt
configure:5912: result: no
configure:5882: checking for pgf77
configure:5912: result: no
configure:5882: checking for cf77
configure:5912: result: no
configure:5882: checking for fort77
configure:5912: result: no
configure:5882: checking for fl32
configure:5912: result: no
configure:5882: checking for af77
configure:5912: result: no
configure:5882: checking for xlf90
configure:5912: result: no
configure:5882: checking for f90
configure:5912: result: no
configure:5882: checking for pgf90
configure:5912: result: no
configure:5882: checking for pghpf
configure:5912: result: no
configure:5882: checking for epcf90
configure:5912: result: no
configure:5882: checking for gfortran
configure:5898: found /usr/bin/gfortran
configure:5909: result: gfortran
configure:5939: checking for Fortran 77 compiler version
configure:5946: gfortran --version >&5
GNU Fortran (Gentoo 4.4.2 p1.0) 4.4.2
Copyright (C) 2009 Free Software Foundation, Inc.

GNU Fortran comes with NO WARRANTY, to the extent permitted by law.
You may redistribute copies of GNU Fortran
under the terms of the GNU General Public License.
For more information about these matters, see the file named COPYING

configure:5949: $? = 0
configure:5956: gfortran -v >&5
Using built-in specs.
Target: x86_64-pc-linux-gnu
Configured with: /var/tmp/portage/sys-devel/gcc-4.4.2/work/gcc-4.4.2/configure --prefix=/usr --bindir=/usr/x86_64-pc-linux-gnu/gcc-bin/4.4.2 --includedir=/usr/lib/gcc/x86_64-pc-linux-gnu/4.4.2/include --datadir=/usr/share/gcc-data/x86_64-pc-linux-gnu/4.4.2 --mandir=/usr/share/gcc-data/x86_64-pc-linux-gnu/4.4.2/man --infodir=/usr/share/gcc-data/x86_64-pc-linux-gnu/4.4.2/info --with-gxx-include-dir=/usr/lib/gcc/x86_64-pc-linux-gnu/4.4.2/include/g++-v4 --host=x86_64-pc-linux-gnu --build=x86_64-pc-linux-gnu --disable-altivec --disable-fixed-point --without-ppl --without-cloog --enable-nls --without-included-gettext --with-system-zlib --disable-checking --disable-werror --enable-secureplt --enable-multilib --enable-libmudflap --disable-libssp --enable-libgomp --enable-cld --with-python-dir=/share/gcc-data/x86_64-pc-linux-gnu/4.4.2/python --disable-libgcj --enable-languages=c,c++,fortran --enable-shared --enable-threads=posix --enable-__cxa_atexit --enable-clocale=gnu --with-bugurl=http://bugs.gentoo.org/ --with-pkgversion='Gentoo 4.4.2 p1.0'
Thread model: posix
gcc version 4.4.2 (Gentoo 4.4.2 p1.0) 
configure:5959: $? = 0
configure:5966: gfortran -V >&5
gfortran: '-V' option must have argument
configure:5969: $? = 1
configure:5977: checking whether we are using the GNU Fortran 77 compiler
configure:5996: gfortran -c  conftest.F >&5
configure:6002: $? = 0
configure:6019: result: yes
configure:6025: checking whether gfortran accepts -g
configure:6042: gfortran -c -g conftest.f >&5
configure:6048: $? = 0
configure:6064: result: yes
configure:6093: checking the maximum length of command line arguments
configure:6205: result: 1572864
configure:6217: checking command to parse /usr/bin/nm -B output from gcc object
configure:6322: gcc -c -g -O2  conftest.c >&5
configure:6325: $? = 0
configure:6329: /usr/bin/nm -B conftest.o \| sed -n -e 's/^.*[ 	]\([ABCDGIRSTW][ABCDGIRSTW]*\)[ 	][ 	]*\([_A-Za-z][_A-Za-z0-9]*\)$/\1 \2 \2/p' \> conftest.nm
configure:6332: $? = 0
configure:6384: gcc -o conftest -g -O2   conftest.c conftstm.o >&5
configure:6387: $? = 0
configure:6425: result: ok
configure:6429: checking for objdir
configure:6444: result: .libs
configure:6536: checking for ar
configure:6552: found /usr/bin/ar
configure:6563: result: ar
configure:6632: checking for ranlib
configure:6648: found /usr/bin/ranlib
configure:6659: result: ranlib
configure:6728: checking for strip
configure:6744: found /usr/bin/strip
configure:6755: result: strip
configure:7353: checking if gcc supports -fno-rtti -fno-exceptions
configure:7371: gcc -c -g -O2  -fno-rtti -fno-exceptions conftest.c >&5
cc1: warning: command line option "-fno-rtti" is valid for C++/ObjC++ but not for C
configure:7375: $? = 0
configure:7388: result: no
configure:7403: checking for gcc option to produce PIC
configure:7635: result: -fPIC
configure:7643: checking if gcc PIC flag -fPIC works
configure:7661: gcc -c -g -O2  -fPIC -DPIC conftest.c >&5
configure:7665: $? = 0
configure:7678: result: yes
configure:7706: checking if gcc static flag -static works
configure:7734: result: yes
configure:7744: checking if gcc supports -c -o file.o
configure:7765: gcc -c -g -O2  -o out/conftest2.o conftest.c >&5
configure:7769: $? = 0
configure:7791: result: yes
configure:7817: checking whether the gcc linker (/usr/x86_64-pc-linux-gnu/bin/ld -m elf_x86_64) supports shared libraries
configure:8798: result: yes
configure:8819: checking whether -lc should be explicitly linked in
configure:8824: gcc -c -g -O2  conftest.c >&5
configure:8827: $? = 0
configure:8842: gcc -shared conftest.o  -v -Wl,-soname -Wl,conftest -o conftest 2\>\&1 \| grep  -lc  \>/dev/null 2\>\&1
configure:8845: $? = 0
configure:8857: result: no
configure:8865: checking dynamic linker characteristics
configure:9479: result: GNU/Linux ld.so
configure:9503: checking how to hardcode library paths into programs
configure:9528: result: immediate
configure:9542: checking whether stripping libraries is possible
configure:9547: result: yes
configure:10349: checking if libtool supports shared libraries
configure:10351: result: yes
configure:10354: checking whether to build shared libraries
configure:10375: result: yes
configure:10378: checking whether to build static libraries
configure:10382: result: yes
configure:10476: creating libtool
configure:11069: checking for ld used by g++
configure:11136: result: /usr/x86_64-pc-linux-gnu/bin/ld -m elf_x86_64
configure:11145: checking if the linker (/usr/x86_64-pc-linux-gnu/bin/ld -m elf_x86_64) is GNU ld
configure:11160: result: yes
configure:11211: checking whether the g++ linker (/usr/x86_64-pc-linux-gnu/bin/ld -m elf_x86_64) supports shared libraries
configure:12157: result: yes
configure:12174: g++ -c -g -O2  conftest.cpp >&5
configure:12177: $? = 0
configure:12333: checking for g++ option to produce PIC
configure:12617: result: -fPIC
configure:12625: checking if g++ PIC flag -fPIC works
configure:12643: g++ -c -g -O2  -fPIC -DPIC conftest.cpp >&5
configure:12647: $? = 0
configure:12660: result: yes
configure:12688: checking if g++ static flag -static works
configure:12716: result: yes
configure:12726: checking if g++ supports -c -o file.o
configure:12747: g++ -c -g -O2  -o out/conftest2.o conftest.cpp >&5
configure:12751: $? = 0
configure:12773: result: yes
configure:12799: checking whether the g++ linker (/usr/x86_64-pc-linux-gnu/bin/ld -m elf_x86_64) supports shared libraries
configure:12828: result: yes
configure:12895: checking dynamic linker characteristics
configure:13457: result: GNU/Linux ld.so
configure:13481: checking how to hardcode library paths into programs
configure:13506: result: immediate
configure:14045: checking if libtool supports shared libraries
configure:14047: result: yes
configure:14050: checking whether to build shared libraries
configure:14070: result: yes
configure:14073: checking whether to build static libraries
configure:14077: result: yes
configure:14087: checking for gfortran option to produce PIC
configure:14319: result: -fPIC
configure:14327: checking if gfortran PIC flag -fPIC works
configure:14345: gfortran -c -g -O2 -fPIC conftest.f >&5
configure:14349: $? = 0
configure:14362: result: yes
configure:14390: checking if gfortran static flag -static works
configure:14418: result: yes
configure:14428: checking if gfortran supports -c -o file.o
configure:14449: gfortran -c -g -O2 -o out/conftest2.o conftest.f >&5
configure:14453: $? = 0
configure:14475: result: yes
configure:14501: checking whether the gfortran linker (/usr/x86_64-pc-linux-gnu/bin/ld -m elf_x86_64) supports shared libraries
configure:15462: result: yes
configure:15529: checking dynamic linker characteristics
configure:16091: result: GNU/Linux ld.so
configure:16115: checking how to hardcode library paths into programs
configure:16140: result: immediate
configure:19879: creating ./config.status

## ---------------------- ##
## Running config.status. ##
## ---------------------- ##

This file was extended by config.status, which was
generated by GNU Autoconf 2.61.  Invocation command line was

  CONFIG_FILES    = 
  CONFIG_HEADERS  = 
  CONFIG_LINKS    = 
  CONFIG_COMMANDS = 
  $ ./config.status 

on betamax

config.status:675: creating lib3ds-config
config.status:675: creating Makefile
config.status:675: creating src/Makefile
config.status:675: creating examples/Makefile
config.status:675: creating examples/3ds2obj/Makefile
config.status:675: creating examples/3dsdump/Makefile
config.status:675: creating examples/cube/Makefile
config.status:675: creating config.h
config.status:949: executing depfiles commands
config.status:949: executing default commands

## ---------------- ##
## Cache variables. ##
## ---------------- ##

ac_cv_build=x86_64-unknown-linux-gnu
ac_cv_c_compiler_gnu=yes
ac_cv_cxx_compiler_gnu=yes
ac_cv_env_CCC_set=
ac_cv_env_CCC_value=
ac_cv_env_CC_set=
ac_cv_env_CC_value=
ac_cv_env_CFLAGS_set=
ac_cv_env_CFLAGS_value=
ac_cv_env_CPPFLAGS_set=
ac_cv_env_CPPFLAGS_value=
ac_cv_env_CPP_set=
ac_cv_env_CPP_value=
ac_cv_env_CXXCPP_set=
ac_cv_env_CXXCPP_value=
ac_cv_env_CXXFLAGS_set=
ac_cv_env_CXXFLAGS_value=
ac_cv_env_CXX_set=
ac_cv_env_CXX_value=
ac_cv_env_F77_set=
ac_cv_env_F77_value=
ac_cv_env_FFLAGS_set=
ac_cv_env_FFLAGS_value=
ac_cv_env_LDFLAGS_set=
ac_cv_env_LDFLAGS_value=
ac_cv_env_LIBS_set=
ac_cv_env_LIBS_value=
ac_cv_env_build_alias_set=
ac_cv_env_build_alias_value=
ac_cv_env_host_alias_set=
ac_cv_env_host_alias_value=
ac_cv_env_target_alias_set=
ac_cv_env_target_alias_value=
ac_cv_f77_compiler_gnu=yes
ac_cv_header_dlfcn_h=yes
ac_cv_header_inttypes_h=yes
ac_cv_header_memory_h=yes
ac_cv_header_stdc=yes
ac_cv_header_stdint_h=yes
ac_cv_header_stdlib_h=yes
ac_cv_header_string_h=yes
ac_cv_header_strings_h=yes
ac_cv_header_sys_stat_h=yes
ac_cv_header_sys_types_h=yes
ac_cv_header_unistd_h=yes
ac_cv_host=x86_64-unknown-linux-gnu
ac_cv_objext=o
ac_cv_path_EGREP='/bin/grep -E'
ac_cv_path_GREP=/bin/grep
ac_cv_path_install='/usr/bin/install -c'
ac_cv_path_mkdir=/bin/mkdir
ac_cv_prog_AWK=gawk
ac_cv_prog_CPP='gcc -E'
ac_cv_prog_CXXCPP='g++ -E'
ac_cv_prog_ac_ct_AR=ar
ac_cv_prog_ac_ct_CC=gcc
ac_cv_prog_ac_ct_CXX=g++
ac_cv_prog_ac_ct_F77=gfortran
ac_cv_prog_ac_ct_RANLIB=ranlib
ac_cv_prog_ac_ct_STRIP=strip
ac_cv_prog_cc_c89=
ac_cv_prog_cc_g=yes
ac_cv_prog_cxx_g=yes
ac_cv_prog_f77_g=yes
ac_cv_prog_make_make_set=yes
am_cv_CC_dependencies_compiler_type=gcc3
am_cv_CXX_dependencies_compiler_type=gcc3
lt_cv_deplibs_check_method=pass_all
lt_cv_file_magic_cmd='$MAGIC_CMD'
lt_cv_file_magic_test_file=
lt_cv_ld_reload_flag=-r
lt_cv_objdir=.libs
lt_cv_path_LD=/usr/x86_64-pc-linux-gnu/bin/ld
lt_cv_path_LDCXX='/usr/x86_64-pc-linux-gnu/bin/ld -m elf_x86_64'
lt_cv_path_NM='/usr/bin/nm -B'
lt_cv_path_SED=/usr/bin/sed
lt_cv_prog_compiler_c_o=yes
lt_cv_prog_compiler_c_o_CXX=yes
lt_cv_prog_compiler_c_o_F77=yes
lt_cv_prog_compiler_pic_works=yes
lt_cv_prog_compiler_pic_works_CXX=yes
lt_cv_prog_compiler_pic_works_F77=yes
lt_cv_prog_compiler_rtti_exceptions=no
lt_cv_prog_compiler_static_works=yes
lt_cv_prog_compiler_static_works_CXX=yes
lt_cv_prog_compiler_static_works_F77=yes
lt_cv_prog_gnu_ld=yes
lt_cv_prog_gnu_ldcxx=yes
lt_cv_sys_global_symbol_pipe='sed -n -e '\''s/^.*[ 	]\([ABCDGIRSTW][ABCDGIRSTW]*\)[ 	][ 	]*\([_A-Za-z][_A-Za-z0-9]*\)$/\1 \2 \2/p'\'''
lt_cv_sys_global_symbol_to_c_name_address='sed -n -e '\''s/^: \([^ ]*\) $/  {\"\1\", (lt_ptr) 0},/p'\'' -e '\''s/^[BCDEGRST] \([^ ]*\) \([^ ]*\)$/  {"\2", (lt_ptr) \&\2},/p'\'''
lt_cv_sys_global_symbol_to_cdecl='sed -n -e '\''s/^. .* \(.*\)$/extern int \1;/p'\'''
lt_cv_sys_lib_dlsearch_path_spec='/lib /usr/lib /usr/local/lib //usr/lib32/opengl/nvidia/lib //usr/lib64/opengl/nvidia/lib /lib /usr/lib /lib64 /usr/lib64 /usr/local/lib64 /lib32 /usr/lib32 /usr/local/lib32 /usr/x86_64-pc-linux-gnu/lib /usr/lib/gcc/x86_64-pc-linux-gnu/4.4.2 /usr/lib/gcc/x86_64-pc-linux-gnu/4.4.2/32 /usr/lib/gcc/x86_64-pc-linux-gnu/4.3.3 /usr/lib/gcc/x86_64-pc-linux-gnu/4.3.3/32 /usr/lib64/nspr /usr/lib64/nss /usr/lib64/xulrunner-1.9.1 /opt/e17/lib /usr/lib/qt4 /usr/lib64/qt4 /usr/lib32/qt4 /usr/qt/3/lib /usr/qt/3/lib64 /usr/qt/3/lib32 /usr/games/lib /usr/games/lib64 /usr/games/lib32 /opt/flash-libcompat '
lt_cv_sys_lib_search_path_spec='/usr/lib/gcc/x86_64-pc-linux-gnu/4.4.2 /usr/lib64 /lib64 /usr/x86_64-pc-linux-gnu/lib'
lt_cv_sys_max_cmd_len=1572864
lt_lt_cv_prog_compiler_c_o='"yes"'
lt_lt_cv_prog_compiler_c_o_CXX='"yes"'
lt_lt_cv_prog_compiler_c_o_F77='"yes"'
lt_lt_cv_sys_global_symbol_pipe='"sed -n -e '\''s/^.*[ 	]\\([ABCDGIRSTW][ABCDGIRSTW]*\\)[ 	][ 	]*\\([_A-Za-z][_A-Za-z0-9]*\\)\$/\\1 \\2 \\2/p'\''"'
lt_lt_cv_sys_global_symbol_to_c_name_address='"sed -n -e '\''s/^: \\([^ ]*\\) \$/  {\\\"\\1\\\", (lt_ptr) 0},/p'\'' -e '\''s/^[BCDEGRST] \\([^ ]*\\) \\([^ ]*\\)\$/  {\"\\2\", (lt_ptr) \\&\\2},/p'\''"'
lt_lt_cv_sys_global_symbol_to_cdecl='"sed -n -e '\''s/^. .* \\(.*\\)\$/extern int \\1;/p'\''"'

## ----------------- ##
## Output variables. ##
## ----------------- ##

ACLOCAL='${SHELL} /mnt/work/workspace/upspring/build/src/lib3ds-20080909/missing --run aclocal-1.10'
AMDEPBACKSLASH='\'
AMDEP_FALSE='#'
AMDEP_TRUE=''
AMTAR='${SHELL} /mnt/work/workspace/upspring/build/src/lib3ds-20080909/missing --run tar'
AR='ar'
AUTOCONF='${SHELL} /mnt/work/workspace/upspring/build/src/lib3ds-20080909/missing --run autoconf'
AUTOHEADER='${SHELL} /mnt/work/workspace/upspring/build/src/lib3ds-20080909/missing --run autoheader'
AUTOMAKE='${SHELL} /mnt/work/workspace/upspring/build/src/lib3ds-20080909/missing --run automake-1.10'
AWK='gawk'
CC='gcc'
CCDEPMODE='depmode=gcc3'
CFLAGS='-g -O2'
CPP='gcc -E'
CPPFLAGS=''
CXX='g++'
CXXCPP='g++ -E'
CXXDEPMODE='depmode=gcc3'
CXXFLAGS='-g -O2'
CYGPATH_W='echo'
DEFS='-DHAVE_CONFIG_H'
DEPDIR='.deps'
DSYMUTIL=''
ECHO='echo'
ECHO_C=''
ECHO_N='-n'
ECHO_T=''
EGREP='/bin/grep -E'
EXEEXT=''
F77='gfortran'
FFLAGS='-g -O2'
GREP='/bin/grep'
INSTALL_DATA='${INSTALL} -m 644'
INSTALL_PROGRAM='${INSTALL}'
INSTALL_SCRIPT='${INSTALL}'
INSTALL_STRIP_PROGRAM='$(install_sh) -c -s'
LDFLAGS=''
LIB3DS_MAJOR_VERSION='2'
LIB3DS_MICRO_VERSION='0'
LIB3DS_MINOR_VERSION='0'
LIB3DS_VERSION='2.0.0'
LIBOBJS=''
LIBS=''
LIBTOOL='$(SHELL) $(top_builddir)/libtool'
LN_S='ln -s'
LTLIBOBJS=''
MAKEINFO='${SHELL} /mnt/work/workspace/upspring/build/src/lib3ds-20080909/missing --run makeinfo'
NMEDIT=''
OBJEXT='o'
PACKAGE='lib3ds'
PACKAGE_BUGREPORT=''
PACKAGE_NAME=''
PACKAGE_STRING=''
PACKAGE_TARNAME=''
PACKAGE_VERSION=''
PATH_SEPARATOR=':'
RANLIB='ranlib'
SED='/usr/bin/sed'
SET_MAKE=''
SHELL='/bin/sh'
STRIP='strip'
VERSION='2.0.0'
ac_ct_CC='gcc'
ac_ct_CXX='g++'
ac_ct_F77='gfortran'
am__fastdepCC_FALSE='#'
am__fastdepCC_TRUE=''
am__fastdepCXX_FALSE='#'
am__fastdepCXX_TRUE=''
am__include='include'
am__isrc=''
am__leading_dot='.'
am__quote=''
am__tar='${AMTAR} chof - "$$tardir"'
am__untar='${AMTAR} xf -'
bindir='${exec_prefix}/bin'
build='x86_64-unknown-linux-gnu'
build_alias=''
build_cpu='x86_64'
build_os='linux-gnu'
build_vendor='unknown'
datadir='${datarootdir}'
datarootdir='${prefix}/share'
docdir='${datarootdir}/doc/${PACKAGE}'
dvidir='${docdir}'
exec_prefix='${prefix}'
host='x86_64-unknown-linux-gnu'
host_alias=''
host_cpu='x86_64'
host_os='linux-gnu'
host_vendor='unknown'
htmldir='${docdir}'
includedir='${prefix}/include'
infodir='${datarootdir}/info'
install_sh='$(SHELL) /mnt/work/workspace/upspring/build/src/lib3ds-20080909/install-sh'
libdir='${exec_prefix}/lib'
libexecdir='${exec_prefix}/libexec'
localedir='${datarootdir}/locale'
localstatedir='${prefix}/var'
mandir='${datarootdir}/man'
mkdir_p='/bin/mkdir -p'
oldincludedir='/usr/include'
pdfdir='${docdir}'
prefix='/usr/local'
program_transform_name='s,x,x,'
psdir='${docdir}'
sbindir='${exec_prefix}/sbin'
sharedstatedir='${prefix}/com'
sysconfdir='${prefix}/etc'
target_alias=''

## ----------- ##
## confdefs.h. ##
## ----------- ##

#define PACKAGE_NAME ""
#define PACKAGE_TARNAME ""
#define PACKAGE_VERSION ""
#define PACKAGE_STRING ""
#define PACKAGE_BUGREPORT ""
#define PACKAGE "lib3ds"
#define VERSION "2.0.0"
#define STDC_HEADERS 1
#define HAVE_SYS_TYPES_H 1
#define HAVE_SYS_STAT_H 1
#define HAVE_STDLIB_H 1
#define HAVE_STRING_H 1
#define HAVE_MEMORY_H 1
#define HAVE_STRINGS_H 1
#define HAVE_INTTYPES_H 1
#define HAVE_STDINT_H 1
#define HAVE_UNISTD_H 1
#define HAVE_DLFCN_H 1

configure: exit 0
