This file contains any messages produced by compilers while
running configure, to aid debugging if configure makes a mistake.

It was created by configure, which was
generated by GNU Autoconf 2.59.  Invocation command line was

  $ ./configure 

## --------- ##
## Platform. ##
## --------- ##

hostname = kloot0
uname -m = i686
uname -r = 2.6.17-10-generic
uname -s = Linux
uname -v = #2 SMP Tue Dec 5 22:28:26 UTC 2006

/usr/bin/uname -p = unknown
/bin/uname -X     = unknown

/bin/arch              = i686
/usr/bin/arch -k       = unknown
/usr/convex/getsysinfo = unknown
hostinfo               = unknown
/bin/machine           = unknown
/usr/bin/oslevel       = unknown
/bin/universe          = unknown

PATH: /usr/local/sbin
PATH: /usr/local/bin
PATH: /usr/sbin
PATH: /usr/bin
PATH: /sbin
PATH: /bin
PATH: /usr/bin/X11
PATH: /usr/games


## ----------- ##
## Core tests. ##
## ----------- ##

configure:1621: checking for gcc
configure:1637: found /usr/bin/gcc
configure:1647: result: gcc
configure:1891: checking for C compiler version
configure:1894: gcc --version </dev/null >&5
gcc (GCC) 4.1.2 20060928 (prerelease) (Ubuntu 4.1.1-13ubuntu5)
Copyright (C) 2006 Free Software Foundation, Inc.
This is free software; see the source for copying conditions.  There is NO
warranty; not even for MERCHANTABILITY or FITNESS FOR A PARTICULAR PURPOSE.

configure:1897: $? = 0
configure:1899: gcc -v </dev/null >&5
Using built-in specs.
Target: i486-linux-gnu
Configured with: ../src/configure -v --enable-languages=c,c++,fortran,objc,obj-c++,treelang --prefix=/usr --enable-shared --with-system-zlib --libexecdir=/usr/lib --without-included-gettext --enable-threads=posix --enable-nls --program-suffix=-4.1 --enable-__cxa_atexit --enable-clocale=gnu --enable-libstdcxx-debug --enable-mpfr --enable-checking=release i486-linux-gnu
Thread model: posix
gcc version 4.1.2 20060928 (prerelease) (Ubuntu 4.1.1-13ubuntu5)
configure:1902: $? = 0
configure:1904: gcc -V </dev/null >&5
gcc: '-V' option must have argument
configure:1907: $? = 1
configure:1930: checking for C compiler default output file name
configure:1933: gcc    conftest.c  >&5
configure:1936: $? = 0
configure:1982: result: a.out
configure:1987: checking whether the C compiler works
configure:1993: ./a.out
configure:1996: $? = 0
configure:2013: result: yes
configure:2020: checking whether we are cross compiling
configure:2022: result: no
configure:2025: checking for suffix of executables
configure:2027: gcc -o conftest    conftest.c  >&5
configure:2030: $? = 0
configure:2055: result: 
configure:2061: checking for suffix of object files
configure:2082: gcc -c   conftest.c >&5
configure:2085: $? = 0
configure:2107: result: o
configure:2111: checking whether we are using the GNU C compiler
configure:2135: gcc -c   conftest.c >&5
configure:2141: $? = 0
configure:2145: test -z 
			 || test ! -s conftest.err
configure:2148: $? = 0
configure:2151: test -s conftest.o
configure:2154: $? = 0
configure:2167: result: yes
configure:2173: checking whether gcc accepts -g
configure:2194: gcc -c -g  conftest.c >&5
configure:2200: $? = 0
configure:2204: test -z 
			 || test ! -s conftest.err
configure:2207: $? = 0
configure:2210: test -s conftest.o
configure:2213: $? = 0
configure:2224: result: yes
configure:2241: checking for gcc option to accept ANSI C
configure:2311: gcc  -c   conftest.c >&5
configure:2317: $? = 0
configure:2321: test -z 
			 || test ! -s conftest.err
configure:2324: $? = 0
configure:2327: test -s conftest.o
configure:2330: $? = 0
configure:2348: result: none needed
configure:2366: gcc -c   conftest.c >&5
conftest.c:2: error: expected '=', ',', ';', 'asm' or '__attribute__' before 'me'
configure:2372: $? = 1
configure: failed program was:
| #ifndef __cplusplus
|   choke me
| #endif
configure:2557: checking for g++
configure:2573: found /usr/bin/g++
configure:2583: result: g++
configure:2599: checking for C++ compiler version
configure:2602: g++ --version </dev/null >&5
g++ (GCC) 4.1.2 20060928 (prerelease) (Ubuntu 4.1.1-13ubuntu5)
Copyright (C) 2006 Free Software Foundation, Inc.
This is free software; see the source for copying conditions.  There is NO
warranty; not even for MERCHANTABILITY or FITNESS FOR A PARTICULAR PURPOSE.

configure:2605: $? = 0
configure:2607: g++ -v </dev/null >&5
Using built-in specs.
Target: i486-linux-gnu
Configured with: ../src/configure -v --enable-languages=c,c++,fortran,objc,obj-c++,treelang --prefix=/usr --enable-shared --with-system-zlib --libexecdir=/usr/lib --without-included-gettext --enable-threads=posix --enable-nls --program-suffix=-4.1 --enable-__cxa_atexit --enable-clocale=gnu --enable-libstdcxx-debug --enable-mpfr --enable-checking=release i486-linux-gnu
Thread model: posix
gcc version 4.1.2 20060928 (prerelease) (Ubuntu 4.1.1-13ubuntu5)
configure:2610: $? = 0
configure:2612: g++ -V </dev/null >&5
g++: '-V' option must have argument
configure:2615: $? = 1
configure:2618: checking whether we are using the GNU C++ compiler
configure:2642: g++ -c   conftest.cc >&5
configure:2648: $? = 0
configure:2652: test -z 
			 || test ! -s conftest.err
configure:2655: $? = 0
configure:2658: test -s conftest.o
configure:2661: $? = 0
configure:2674: result: yes
configure:2680: checking whether g++ accepts -g
configure:2701: g++ -c -g  conftest.cc >&5
configure:2707: $? = 0
configure:2711: test -z 
			 || test ! -s conftest.err
configure:2714: $? = 0
configure:2717: test -s conftest.o
configure:2720: $? = 0
configure:2731: result: yes
configure:2773: g++ -c   conftest.cc >&5
configure:2779: $? = 0
configure:2783: test -z 
			 || test ! -s conftest.err
configure:2786: $? = 0
configure:2789: test -s conftest.o
configure:2792: $? = 0
configure:2818: g++ -c   conftest.cc >&5
conftest.cc: In function 'int main()':
conftest.cc:13: error: 'exit' was not declared in this scope
configure:2824: $? = 1
configure: failed program was:
| /* confdefs.h.  */
| 
| #define PACKAGE_NAME ""
| #define PACKAGE_TARNAME ""
| #define PACKAGE_VERSION ""
| #define PACKAGE_STRING ""
| #define PACKAGE_BUGREPORT ""
| /* end confdefs.h.  */
| 
| int
| main ()
| {
| exit (42);
|   ;
|   return 0;
| }
configure:2773: g++ -c   conftest.cc >&5
configure:2779: $? = 0
configure:2783: test -z 
			 || test ! -s conftest.err
configure:2786: $? = 0
configure:2789: test -s conftest.o
configure:2792: $? = 0
configure:2818: g++ -c   conftest.cc >&5
configure:2824: $? = 0
configure:2828: test -z 
			 || test ! -s conftest.err
configure:2831: $? = 0
configure:2834: test -s conftest.o
configure:2837: $? = 0
configure:2862: checking for nroff
configure:2880: found /usr/bin/nroff
configure:2892: result: /usr/bin/nroff
configure:2947: checking for htmldoc
configure:2980: result: no
configure:3026: checking for ranlib
configure:3042: found /usr/bin/ranlib
configure:3053: result: ranlib
configure:3067: checking for ar
configure:3085: found /usr/bin/ar
configure:3097: result: /usr/bin/ar
configure:3120: checking whether byte ordering is bigendian
configure:3147: gcc -c   conftest.c >&5
configure:3153: $? = 0
configure:3157: test -z 
			 || test ! -s conftest.err
configure:3160: $? = 0
configure:3163: test -s conftest.o
configure:3166: $? = 0
configure:3190: gcc -c   conftest.c >&5
conftest.c: In function 'main':
conftest.c:19: error: 'not' undeclared (first use in this function)
conftest.c:19: error: (Each undeclared identifier is reported only once
conftest.c:19: error: for each function it appears in.)
conftest.c:19: error: expected ';' before 'big'
configure:3196: $? = 1
configure: failed program was:
| /* confdefs.h.  */
| 
| #define PACKAGE_NAME ""
| #define PACKAGE_TARNAME ""
| #define PACKAGE_VERSION ""
| #define PACKAGE_STRING ""
| #define PACKAGE_BUGREPORT ""
| #ifdef __cplusplus
| extern "C" void std::exit (int) throw (); using std::exit;
| #endif
| /* end confdefs.h.  */
| #include <sys/types.h>
| #include <sys/param.h>
| 
| int
| main ()
| {
| #if BYTE_ORDER != BIG_ENDIAN
|  not big endian
| #endif
| 
|   ;
|   return 0;
| }
configure:3331: result: no
configure:3356: checking how to run the C preprocessor
configure:3391: gcc -E  conftest.c
configure:3397: $? = 0
configure:3429: gcc -E  conftest.c
conftest.c:12:28: error: ac_nonexistent.h: No such file or directory
configure:3435: $? = 1
configure: failed program was:
| /* confdefs.h.  */
| 
| #define PACKAGE_NAME ""
| #define PACKAGE_TARNAME ""
| #define PACKAGE_VERSION ""
| #define PACKAGE_STRING ""
| #define PACKAGE_BUGREPORT ""
| #ifdef __cplusplus
| extern "C" void std::exit (int) throw (); using std::exit;
| #endif
| /* end confdefs.h.  */
| #include <ac_nonexistent.h>
configure:3474: result: gcc -E
configure:3498: gcc -E  conftest.c
configure:3504: $? = 0
configure:3536: gcc -E  conftest.c
conftest.c:12:28: error: ac_nonexistent.h: No such file or directory
configure:3542: $? = 1
configure: failed program was:
| /* confdefs.h.  */
| 
| #define PACKAGE_NAME ""
| #define PACKAGE_TARNAME ""
| #define PACKAGE_VERSION ""
| #define PACKAGE_STRING ""
| #define PACKAGE_BUGREPORT ""
| #ifdef __cplusplus
| extern "C" void std::exit (int) throw (); using std::exit;
| #endif
| /* end confdefs.h.  */
| #include <ac_nonexistent.h>
configure:3586: checking for egrep
configure:3596: result: grep -E
configure:3601: checking for ANSI C header files
configure:3626: gcc -c   conftest.c >&5
configure:3632: $? = 0
configure:3636: test -z 
			 || test ! -s conftest.err
configure:3639: $? = 0
configure:3642: test -s conftest.o
configure:3645: $? = 0
configure:3734: gcc -o conftest    conftest.c  >&5
conftest.c: In function 'main':
conftest.c:29: warning: incompatible implicit declaration of built-in function 'exit'
configure:3737: $? = 0
configure:3739: ./conftest
configure:3742: $? = 0
configure:3757: result: yes
configure:3781: checking for sys/types.h
configure:3797: gcc -c   conftest.c >&5
configure:3803: $? = 0
configure:3807: test -z 
			 || test ! -s conftest.err
configure:3810: $? = 0
configure:3813: test -s conftest.o
configure:3816: $? = 0
configure:3827: result: yes
configure:3781: checking for sys/stat.h
configure:3797: gcc -c   conftest.c >&5
configure:3803: $? = 0
configure:3807: test -z 
			 || test ! -s conftest.err
configure:3810: $? = 0
configure:3813: test -s conftest.o
configure:3816: $? = 0
configure:3827: result: yes
configure:3781: checking for stdlib.h
configure:3797: gcc -c   conftest.c >&5
configure:3803: $? = 0
configure:3807: test -z 
			 || test ! -s conftest.err
configure:3810: $? = 0
configure:3813: test -s conftest.o
configure:3816: $? = 0
configure:3827: result: yes
configure:3781: checking for string.h
configure:3797: gcc -c   conftest.c >&5
configure:3803: $? = 0
configure:3807: test -z 
			 || test ! -s conftest.err
configure:3810: $? = 0
configure:3813: test -s conftest.o
configure:3816: $? = 0
configure:3827: result: yes
configure:3781: checking for memory.h
configure:3797: gcc -c   conftest.c >&5
configure:3803: $? = 0
configure:3807: test -z 
			 || test ! -s conftest.err
configure:3810: $? = 0
configure:3813: test -s conftest.o
configure:3816: $? = 0
configure:3827: result: yes
configure:3781: checking for strings.h
configure:3797: gcc -c   conftest.c >&5
configure:3803: $? = 0
configure:3807: test -z 
			 || test ! -s conftest.err
configure:3810: $? = 0
configure:3813: test -s conftest.o
configure:3816: $? = 0
configure:3827: result: yes
configure:3781: checking for inttypes.h
configure:3797: gcc -c   conftest.c >&5
configure:3803: $? = 0
configure:3807: test -z 
			 || test ! -s conftest.err
configure:3810: $? = 0
configure:3813: test -s conftest.o
configure:3816: $? = 0
configure:3827: result: yes
configure:3781: checking for stdint.h
configure:3797: gcc -c   conftest.c >&5
configure:3803: $? = 0
configure:3807: test -z 
			 || test ! -s conftest.err
configure:3810: $? = 0
configure:3813: test -s conftest.o
configure:3816: $? = 0
configure:3827: result: yes
configure:3781: checking for unistd.h
configure:3797: gcc -c   conftest.c >&5
configure:3803: $? = 0
configure:3807: test -z 
			 || test ! -s conftest.err
configure:3810: $? = 0
configure:3813: test -s conftest.o
configure:3816: $? = 0
configure:3827: result: yes
configure:3839: checking for short
configure:3863: gcc -c   conftest.c >&5
configure:3869: $? = 0
configure:3873: test -z 
			 || test ! -s conftest.err
configure:3876: $? = 0
configure:3879: test -s conftest.o
configure:3882: $? = 0
configure:3893: result: yes
configure:3896: checking size of short
configure:4215: gcc -o conftest    conftest.c  >&5
configure:4218: $? = 0
configure:4220: ./conftest
configure:4223: $? = 0
configure:4246: result: 2
configure:4253: checking for int
configure:4277: gcc -c   conftest.c >&5
configure:4283: $? = 0
configure:4287: test -z 
			 || test ! -s conftest.err
configure:4290: $? = 0
configure:4293: test -s conftest.o
configure:4296: $? = 0
configure:4307: result: yes
configure:4310: checking size of int
configure:4629: gcc -o conftest    conftest.c  >&5
configure:4632: $? = 0
configure:4634: ./conftest
configure:4637: $? = 0
configure:4660: result: 4
configure:4667: checking for long
configure:4691: gcc -c   conftest.c >&5
configure:4697: $? = 0
configure:4701: test -z 
			 || test ! -s conftest.err
configure:4704: $? = 0
configure:4707: test -s conftest.o
configure:4710: $? = 0
configure:4721: result: yes
configure:4724: checking size of long
configure:5043: gcc -o conftest    conftest.c  >&5
configure:5046: $? = 0
configure:5048: ./conftest
configure:5051: $? = 0
configure:5074: result: 4
configure:5115: checking whether the compiler recognizes bool as a built-in type
configure:5152: g++ -c   conftest.cc >&5
configure:5158: $? = 0
configure:5162: test -z 
			 || test ! -s conftest.err
configure:5165: $? = 0
configure:5168: test -s conftest.o
configure:5171: $? = 0
configure:5189: result: yes
configure:5204: checking for dirent.h that defines DIR
configure:5228: gcc -c   conftest.c >&5
configure:5234: $? = 0
configure:5238: test -z 
			 || test ! -s conftest.err
configure:5241: $? = 0
configure:5244: test -s conftest.o
configure:5247: $? = 0
configure:5258: result: yes
configure:5271: checking for library containing opendir
configure:5301: gcc -o conftest    conftest.c  >&5
configure:5307: $? = 0
configure:5311: test -z 
			 || test ! -s conftest.err
configure:5314: $? = 0
configure:5317: test -s conftest
configure:5320: $? = 0
configure:5390: result: none required
configure:5536: checking sys/select.h usability
configure:5548: gcc -c   conftest.c >&5
configure:5554: $? = 0
configure:5558: test -z 
			 || test ! -s conftest.err
configure:5561: $? = 0
configure:5564: test -s conftest.o
configure:5567: $? = 0
configure:5577: result: yes
configure:5581: checking sys/select.h presence
configure:5591: gcc -E  conftest.c
configure:5597: $? = 0
configure:5617: result: yes
configure:5652: checking for sys/select.h
configure:5659: result: yes
configure:5681: checking sys/stdtypes.h usability
configure:5693: gcc -c   conftest.c >&5
conftest.c:63:26: error: sys/stdtypes.h: No such file or directory
configure:5699: $? = 1
configure: failed program was:
| /* confdefs.h.  */
| 
| #define PACKAGE_NAME ""
| #define PACKAGE_TARNAME ""
| #define PACKAGE_VERSION ""
| #define PACKAGE_STRING ""
| #define PACKAGE_BUGREPORT ""
| #ifdef __cplusplus
| extern "C" void std::exit (int) throw (); using std::exit;
| #endif
| #define STDC_HEADERS 1
| #define HAVE_SYS_TYPES_H 1
| #define HAVE_SYS_STAT_H 1
| #define HAVE_STDLIB_H 1
| #define HAVE_STRING_H 1
| #define HAVE_MEMORY_H 1
| #define HAVE_STRINGS_H 1
| #define HAVE_INTTYPES_H 1
| #define HAVE_STDINT_H 1
| #define HAVE_UNISTD_H 1
| #define SIZEOF_SHORT 2
| #define SIZEOF_INT 4
| #define SIZEOF_LONG 4
| #define U16 unsigned short
| #define U32 unsigned
| #define HAVE_DIRENT_H 1
| #define HAVE_SYS_SELECT_H 1
| /* end confdefs.h.  */
| #include <stdio.h>
| #if HAVE_SYS_TYPES_H
| # include <sys/types.h>
| #endif
| #if HAVE_SYS_STAT_H
| # include <sys/stat.h>
| #endif
| #if STDC_HEADERS
| # include <stdlib.h>
| # include <stddef.h>
| #else
| # if HAVE_STDLIB_H
| #  include <stdlib.h>
| # endif
| #endif
| #if HAVE_STRING_H
| # if !STDC_HEADERS && HAVE_MEMORY_H
| #  include <memory.h>
| # endif
| # include <string.h>
| #endif
| #if HAVE_STRINGS_H
| # include <strings.h>
| #endif
| #if HAVE_INTTYPES_H
| # include <inttypes.h>
| #else
| # if HAVE_STDINT_H
| #  include <stdint.h>
| # endif
| #endif
| #if HAVE_UNISTD_H
| # include <unistd.h>
| #endif
| #include <sys/stdtypes.h>
configure:5722: result: no
configure:5726: checking sys/stdtypes.h presence
configure:5736: gcc -E  conftest.c
conftest.c:29:26: error: sys/stdtypes.h: No such file or directory
configure:5742: $? = 1
configure: failed program was:
| /* confdefs.h.  */
| 
| #define PACKAGE_NAME ""
| #define PACKAGE_TARNAME ""
| #define PACKAGE_VERSION ""
| #define PACKAGE_STRING ""
| #define PACKAGE_BUGREPORT ""
| #ifdef __cplusplus
| extern "C" void std::exit (int) throw (); using std::exit;
| #endif
| #define STDC_HEADERS 1
| #define HAVE_SYS_TYPES_H 1
| #define HAVE_SYS_STAT_H 1
| #define HAVE_STDLIB_H 1
| #define HAVE_STRING_H 1
| #define HAVE_MEMORY_H 1
| #define HAVE_STRINGS_H 1
| #define HAVE_INTTYPES_H 1
| #define HAVE_STDINT_H 1
| #define HAVE_UNISTD_H 1
| #define SIZEOF_SHORT 2
| #define SIZEOF_INT 4
| #define SIZEOF_LONG 4
| #define U16 unsigned short
| #define U32 unsigned
| #define HAVE_DIRENT_H 1
| #define HAVE_SYS_SELECT_H 1
| /* end confdefs.h.  */
| #include <sys/stdtypes.h>
configure:5762: result: no
configure:5797: checking for sys/stdtypes.h
configure:5804: result: no
configure:5816: checking for scandir
configure:5873: gcc -o conftest    conftest.c  >&5
configure:5879: $? = 0
configure:5883: test -z 
			 || test ! -s conftest.err
configure:5886: $? = 0
configure:5889: test -s conftest
configure:5892: $? = 0
configure:5904: result: yes
configure:5918: checking for vsnprintf
configure:5975: gcc -o conftest    conftest.c  >&5
conftest.c:54: warning: conflicting types for built-in function 'vsnprintf'
configure:5981: $? = 0
configure:5985: test -z 
			 || test ! -s conftest.err
configure:5988: $? = 0
configure:5991: test -s conftest
configure:5994: $? = 0
configure:6006: result: yes
configure:6044: checking for snprintf
configure:6101: gcc -o conftest    conftest.c  >&5
conftest.c:55: warning: conflicting types for built-in function 'snprintf'
configure:6107: $? = 0
configure:6111: test -z 
			 || test ! -s conftest.err
configure:6114: $? = 0
configure:6117: test -s conftest
configure:6120: $? = 0
configure:6132: result: yes
configure:6171: checking for strings.h
configure:6176: result: yes
configure:6321: checking for strcasecmp
configure:6378: gcc -o conftest    conftest.c  >&5
conftest.c:57: warning: conflicting types for built-in function 'strcasecmp'
configure:6384: $? = 0
configure:6388: test -z 
			 || test ! -s conftest.err
configure:6391: $? = 0
configure:6394: test -s conftest
configure:6397: $? = 0
configure:6409: result: yes
configure:6321: checking for strlcat
configure:6378: gcc -o conftest    conftest.c  >&5
/tmp/cc4r1jtZ.o: In function `main':
conftest.c:(.text+0x14): undefined reference to `strlcat'
/tmp/cc4r1jtZ.o:(.data+0x0): undefined reference to `strlcat'
collect2: ld returned 1 exit status
configure:6384: $? = 1
configure: failed program was:
| /* confdefs.h.  */
| 
| #define PACKAGE_NAME ""
| #define PACKAGE_TARNAME ""
| #define PACKAGE_VERSION ""
| #define PACKAGE_STRING ""
| #define PACKAGE_BUGREPORT ""
| #ifdef __cplusplus
| extern "C" void std::exit (int) throw (); using std::exit;
| #endif
| #define STDC_HEADERS 1
| #define HAVE_SYS_TYPES_H 1
| #define HAVE_SYS_STAT_H 1
| #define HAVE_STDLIB_H 1
| #define HAVE_STRING_H 1
| #define HAVE_MEMORY_H 1
| #define HAVE_STRINGS_H 1
| #define HAVE_INTTYPES_H 1
| #define HAVE_STDINT_H 1
| #define HAVE_UNISTD_H 1
| #define SIZEOF_SHORT 2
| #define SIZEOF_INT 4
| #define SIZEOF_LONG 4
| #define U16 unsigned short
| #define U32 unsigned
| #define HAVE_DIRENT_H 1
| #define HAVE_SYS_SELECT_H 1
| #define HAVE_SCANDIR 1
| #define HAVE_VSNPRINTF 1
| #define HAVE_SNPRINTF 1
| #define HAVE_STRINGS_H 1
| #define HAVE_STRCASECMP 1
| /* end confdefs.h.  */
| /* Define strlcat to an innocuous variant, in case <limits.h> declares strlcat.
|    For example, HP-UX 11i <limits.h> declares gettimeofday.  */
| #define strlcat innocuous_strlcat
| 
| /* System header to define __stub macros and hopefully few prototypes,
|     which can conflict with char strlcat (); below.
|     Prefer <limits.h> to <assert.h> if __STDC__ is defined, since
|     <limits.h> exists even on freestanding compilers.  */
| 
| #ifdef __STDC__
| # include <limits.h>
| #else
| # include <assert.h>
| #endif
| 
| #undef strlcat
| 
| /* Override any gcc2 internal prototype to avoid an error.  */
| #ifdef __cplusplus
| extern "C"
| {
| #endif
| /* We use char because int might match the return type of a gcc2
|    builtin and then its argument prototype would still apply.  */
| char strlcat ();
| /* The GNU C library defines this for functions which it implements
|     to always fail with ENOSYS.  Some functions are actually named
|     something starting with __ and the normal name is an alias.  */
| #if defined (__stub_strlcat) || defined (__stub___strlcat)
| choke me
| #else
| char (*f) () = strlcat;
| #endif
| #ifdef __cplusplus
| }
| #endif
| 
| int
| main ()
| {
| return f != strlcat;
|   ;
|   return 0;
| }
configure:6409: result: no
configure:6321: checking for strlcpy
configure:6378: gcc -o conftest    conftest.c  >&5
/tmp/ccmbyl57.o: In function `main':
conftest.c:(.text+0x14): undefined reference to `strlcpy'
/tmp/ccmbyl57.o:(.data+0x0): undefined reference to `strlcpy'
collect2: ld returned 1 exit status
configure:6384: $? = 1
configure: failed program was:
| /* confdefs.h.  */
| 
| #define PACKAGE_NAME ""
| #define PACKAGE_TARNAME ""
| #define PACKAGE_VERSION ""
| #define PACKAGE_STRING ""
| #define PACKAGE_BUGREPORT ""
| #ifdef __cplusplus
| extern "C" void std::exit (int) throw (); using std::exit;
| #endif
| #define STDC_HEADERS 1
| #define HAVE_SYS_TYPES_H 1
| #define HAVE_SYS_STAT_H 1
| #define HAVE_STDLIB_H 1
| #define HAVE_STRING_H 1
| #define HAVE_MEMORY_H 1
| #define HAVE_STRINGS_H 1
| #define HAVE_INTTYPES_H 1
| #define HAVE_STDINT_H 1
| #define HAVE_UNISTD_H 1
| #define SIZEOF_SHORT 2
| #define SIZEOF_INT 4
| #define SIZEOF_LONG 4
| #define U16 unsigned short
| #define U32 unsigned
| #define HAVE_DIRENT_H 1
| #define HAVE_SYS_SELECT_H 1
| #define HAVE_SCANDIR 1
| #define HAVE_VSNPRINTF 1
| #define HAVE_SNPRINTF 1
| #define HAVE_STRINGS_H 1
| #define HAVE_STRCASECMP 1
| /* end confdefs.h.  */
| /* Define strlcpy to an innocuous variant, in case <limits.h> declares strlcpy.
|    For example, HP-UX 11i <limits.h> declares gettimeofday.  */
| #define strlcpy innocuous_strlcpy
| 
| /* System header to define __stub macros and hopefully few prototypes,
|     which can conflict with char strlcpy (); below.
|     Prefer <limits.h> to <assert.h> if __STDC__ is defined, since
|     <limits.h> exists even on freestanding compilers.  */
| 
| #ifdef __STDC__
| # include <limits.h>
| #else
| # include <assert.h>
| #endif
| 
| #undef strlcpy
| 
| /* Override any gcc2 internal prototype to avoid an error.  */
| #ifdef __cplusplus
| extern "C"
| {
| #endif
| /* We use char because int might match the return type of a gcc2
|    builtin and then its argument prototype would still apply.  */
| char strlcpy ();
| /* The GNU C library defines this for functions which it implements
|     to always fail with ENOSYS.  Some functions are actually named
|     something starting with __ and the normal name is an alias.  */
| #if defined (__stub_strlcpy) || defined (__stub___strlcpy)
| choke me
| #else
| char (*f) () = strlcpy;
| #endif
| #ifdef __cplusplus
| }
| #endif
| 
| int
| main ()
| {
| return f != strlcpy;
|   ;
|   return 0;
| }
configure:6409: result: no
configure:6430: checking locale.h usability
configure:6442: gcc -c   conftest.c >&5
configure:6448: $? = 0
configure:6452: test -z 
			 || test ! -s conftest.err
configure:6455: $? = 0
configure:6458: test -s conftest.o
configure:6461: $? = 0
configure:6471: result: yes
configure:6475: checking locale.h presence
configure:6485: gcc -E  conftest.c
configure:6491: $? = 0
configure:6511: result: yes
configure:6546: checking for locale.h
configure:6553: result: yes
configure:6569: checking for localeconv
configure:6626: gcc -o conftest    conftest.c  >&5
configure:6632: $? = 0
configure:6636: test -z 
			 || test ! -s conftest.err
configure:6639: $? = 0
configure:6642: test -s conftest
configure:6645: $? = 0
configure:6657: result: yes
configure:6668: checking for library containing pow
configure:6698: gcc -o conftest    conftest.c  >&5
conftest.c:43: warning: conflicting types for built-in function 'pow'
/tmp/ccoNZw1A.o: In function `main':
conftest.c:(.text+0x12): undefined reference to `pow'
collect2: ld returned 1 exit status
configure:6704: $? = 1
configure: failed program was:
| /* confdefs.h.  */
| 
| #define PACKAGE_NAME ""
| #define PACKAGE_TARNAME ""
| #define PACKAGE_VERSION ""
| #define PACKAGE_STRING ""
| #define PACKAGE_BUGREPORT ""
| #ifdef __cplusplus
| extern "C" void std::exit (int) throw (); using std::exit;
| #endif
| #define STDC_HEADERS 1
| #define HAVE_SYS_TYPES_H 1
| #define HAVE_SYS_STAT_H 1
| #define HAVE_STDLIB_H 1
| #define HAVE_STRING_H 1
| #define HAVE_MEMORY_H 1
| #define HAVE_STRINGS_H 1
| #define HAVE_INTTYPES_H 1
| #define HAVE_STDINT_H 1
| #define HAVE_UNISTD_H 1
| #define SIZEOF_SHORT 2
| #define SIZEOF_INT 4
| #define SIZEOF_LONG 4
| #define U16 unsigned short
| #define U32 unsigned
| #define HAVE_DIRENT_H 1
| #define HAVE_SYS_SELECT_H 1
| #define HAVE_SCANDIR 1
| #define HAVE_VSNPRINTF 1
| #define HAVE_SNPRINTF 1
| #define HAVE_STRINGS_H 1
| #define HAVE_STRCASECMP 1
| #define HAVE_LOCALE_H 1
| #define HAVE_LOCALECONV 1
| /* end confdefs.h.  */
| 
| /* Override any gcc2 internal prototype to avoid an error.  */
| #ifdef __cplusplus
| extern "C"
| #endif
| /* We use char because int might match the return type of a gcc2
|    builtin and then its argument prototype would still apply.  */
| char pow ();
| int
| main ()
| {
| pow ();
|   ;
|   return 0;
| }
configure:6753: gcc -o conftest    conftest.c -lm   >&5
conftest.c:43: warning: conflicting types for built-in function 'pow'
configure:6759: $? = 0
configure:6763: test -z 
			 || test ! -s conftest.err
configure:6766: $? = 0
configure:6769: test -s conftest
configure:6772: $? = 0
configure:6787: result: -lm
configure:6802: checking for special C compiler options needed for large files
configure:6901: result: no
configure:6907: checking for _FILE_OFFSET_BITS value needed for large files
configure:6938: gcc -c   conftest.c >&5
conftest.c:42: warning: left shift count >= width of type
conftest.c:42: warning: left shift count >= width of type
conftest.c:44: error: size of array 'off_t_is_large' is negative
configure:6944: $? = 1
configure: failed program was:
| /* confdefs.h.  */
| 
| #define PACKAGE_NAME ""
| #define PACKAGE_TARNAME ""
| #define PACKAGE_VERSION ""
| #define PACKAGE_STRING ""
| #define PACKAGE_BUGREPORT ""
| #ifdef __cplusplus
| extern "C" void std::exit (int) throw (); using std::exit;
| #endif
| #define STDC_HEADERS 1
| #define HAVE_SYS_TYPES_H 1
| #define HAVE_SYS_STAT_H 1
| #define HAVE_STDLIB_H 1
| #define HAVE_STRING_H 1
| #define HAVE_MEMORY_H 1
| #define HAVE_STRINGS_H 1
| #define HAVE_INTTYPES_H 1
| #define HAVE_STDINT_H 1
| #define HAVE_UNISTD_H 1
| #define SIZEOF_SHORT 2
| #define SIZEOF_INT 4
| #define SIZEOF_LONG 4
| #define U16 unsigned short
| #define U32 unsigned
| #define HAVE_DIRENT_H 1
| #define HAVE_SYS_SELECT_H 1
| #define HAVE_SCANDIR 1
| #define HAVE_VSNPRINTF 1
| #define HAVE_SNPRINTF 1
| #define HAVE_STRINGS_H 1
| #define HAVE_STRCASECMP 1
| #define HAVE_LOCALE_H 1
| #define HAVE_LOCALECONV 1
| /* end confdefs.h.  */
| #include <sys/types.h>
|  /* Check that off_t can represent 2**63 - 1 correctly.
|     We can't simply define LARGE_OFF_T to be 9223372036854775807,
|     since some C++ compilers masquerading as C compilers
|     incorrectly reject 9223372036854775807.  */
| #define LARGE_OFF_T (((off_t) 1 << 62) - 1 + ((off_t) 1 << 62))
|   int off_t_is_large[(LARGE_OFF_T % 2147483629 == 721
| 		       && LARGE_OFF_T % 2147483647 == 1)
| 		      ? 1 : -1];
| int
| main ()
| {
| 
|   ;
|   return 0;
| }
configure:6991: gcc -c   conftest.c >&5
configure:6997: $? = 0
configure:7001: test -z 
			 || test ! -s conftest.err
configure:7004: $? = 0
configure:7007: test -s conftest.o
configure:7010: $? = 0
configure:7022: result: 64
configure:7032: checking for _LARGE_FILES value needed for large files
configure:7063: gcc -c   conftest.c >&5
configure:7069: $? = 0
configure:7073: test -z 
			 || test ! -s conftest.err
configure:7076: $? = 0
configure:7079: test -s conftest.o
configure:7082: $? = 0
configure:7147: result: no
configure:7174: checking for long long int
configure:7229: result: yes
configure:7239: checking for strtoll
configure:7296: gcc -o conftest    conftest.c -lm  >&5
configure:7302: $? = 0
configure:7306: test -z 
			 || test ! -s conftest.err
configure:7309: $? = 0
configure:7312: test -s conftest
configure:7315: $? = 0
configure:7327: result: yes
configure:7359: checking alsa/asoundlib.h usability
configure:7371: gcc -c   conftest.c >&5
configure:7377: $? = 0
configure:7381: test -z 
			 || test ! -s conftest.err
configure:7384: $? = 0
configure:7387: test -s conftest.o
configure:7390: $? = 0
configure:7400: result: yes
configure:7404: checking alsa/asoundlib.h presence
configure:7414: gcc -E  conftest.c
configure:7420: $? = 0
configure:7440: result: yes
configure:7475: checking for alsa/asoundlib.h
configure:7482: result: yes
configure:7513: checking for jpeg_CreateCompress in -ljpeg
configure:7543: gcc -o conftest    conftest.c -ljpeg  -lm  >&5
configure:7549: $? = 0
configure:7553: test -z 
			 || test ! -s conftest.err
configure:7556: $? = 0
configure:7559: test -s conftest
configure:7562: $? = 0
configure:7575: result: yes
configure:7609: checking for gzgets in -lz
configure:7639: gcc -o conftest    conftest.c -lz  -lm  >&5
configure:7645: $? = 0
configure:7649: test -z 
			 || test ! -s conftest.err
configure:7652: $? = 0
configure:7655: test -s conftest
configure:7658: $? = 0
configure:7671: result: yes
configure:7707: checking for png_set_tRNS_to_alpha in -lpng
configure:7737: gcc -o conftest    conftest.c -lpng  -lz -lm  >&5
configure:7743: $? = 0
configure:7747: test -z 
			 || test ! -s conftest.err
configure:7750: $? = 0
configure:7753: test -s conftest
configure:7756: $? = 0
configure:7769: result: yes
configure:7790: checking png.h usability
configure:7802: gcc -c   conftest.c >&5
configure:7808: $? = 0
configure:7812: test -z 
			 || test ! -s conftest.err
configure:7815: $? = 0
configure:7818: test -s conftest.o
configure:7821: $? = 0
configure:7831: result: yes
configure:7835: checking png.h presence
configure:7845: gcc -E  conftest.c
configure:7851: $? = 0
configure:7871: result: yes
configure:7906: checking for png.h
configure:7913: result: yes
configure:8630: checking for X
configure:8735: gcc -E  conftest.c
configure:8741: $? = 0
configure:8791: gcc -o conftest    conftest.c -lXt -lm  >&5
configure:8797: $? = 0
configure:8801: test -z 
			 || test ! -s conftest.err
configure:8804: $? = 0
configure:8807: test -s conftest
configure:8810: $? = 0
configure:8860: result: libraries , headers 
configure:9032: gcc -o conftest    conftest.c -lm   -lX11 >&5
configure:9038: $? = 0
configure:9042: test -z 
			 || test ! -s conftest.err
configure:9045: $? = 0
configure:9048: test -s conftest
configure:9051: $? = 0
configure:9209: checking for gethostbyname
configure:9266: gcc -o conftest    conftest.c -lm  >&5
configure:9272: $? = 0
configure:9276: test -z 
			 || test ! -s conftest.err
configure:9279: $? = 0
configure:9282: test -s conftest
configure:9285: $? = 0
configure:9297: result: yes
configure:9448: checking for connect
configure:9505: gcc -o conftest    conftest.c -lm  >&5
configure:9511: $? = 0
configure:9515: test -z 
			 || test ! -s conftest.err
configure:9518: $? = 0
configure:9521: test -s conftest
configure:9524: $? = 0
configure:9536: result: yes
configure:9611: checking for remove
configure:9668: gcc -o conftest    conftest.c -lm  >&5
configure:9674: $? = 0
configure:9678: test -z 
			 || test ! -s conftest.err
configure:9681: $? = 0
configure:9684: test -s conftest
configure:9687: $? = 0
configure:9699: result: yes
configure:9774: checking for shmat
configure:9831: gcc -o conftest    conftest.c -lm  >&5
configure:9837: $? = 0
configure:9841: test -z 
			 || test ! -s conftest.err
configure:9844: $? = 0
configure:9847: test -s conftest
configure:9850: $? = 0
configure:9862: result: yes
configure:9946: checking for IceConnectionNumber in -lICE
configure:9976: gcc -o conftest    conftest.c -lICE  -lm  >&5
configure:9982: $? = 0
configure:9986: test -z 
			 || test ! -s conftest.err
configure:9989: $? = 0
configure:9992: test -s conftest
configure:9995: $? = 0
configure:10008: result: yes
configure:10026: WARNING: Ignoring libraries " -lSM -lICE" requested by configure.
configure:10042: checking for library containing dlopen
configure:10072: gcc -o conftest      conftest.c -lm  -lXext -lX11  >&5
configure:10078: $? = 0
configure:10082: test -z 
			 || test ! -s conftest.err
configure:10085: $? = 0
configure:10088: test -s conftest
configure:10091: $? = 0
configure:10161: result: none required
configure:10178: checking GL/gl.h usability
configure:10190: gcc -c    conftest.c >&5
configure:10196: $? = 0
configure:10200: test -z 
			 || test ! -s conftest.err
configure:10203: $? = 0
configure:10206: test -s conftest.o
configure:10209: $? = 0
configure:10219: result: yes
configure:10223: checking GL/gl.h presence
configure:10233: gcc -E  conftest.c
configure:10239: $? = 0
configure:10259: result: yes
configure:10294: checking for GL/gl.h
configure:10301: result: yes
configure:10306: checking for glXMakeCurrent in -lGL
configure:10337: gcc -o conftest      conftest.c -lGL 		    -lm -lm  -lXext -lX11  >&5
configure:10343: $? = 0
configure:10347: test -z 
			 || test ! -s conftest.err
configure:10350: $? = 0
configure:10353: test -s conftest
configure:10356: $? = 0
configure:10369: result: yes
configure:10466: checking GL/glu.h usability
configure:10478: gcc -c    conftest.c >&5
configure:10484: $? = 0
configure:10488: test -z 
			 || test ! -s conftest.err
configure:10491: $? = 0
configure:10494: test -s conftest.o
configure:10497: $? = 0
configure:10507: result: yes
configure:10511: checking GL/glu.h presence
configure:10521: gcc -E  conftest.c
configure:10527: $? = 0
configure:10547: result: yes
configure:10582: checking for GL/glu.h
configure:10589: result: yes
configure:11035: checking for X overlay visuals
configure:11046: result: no
configure:11167: checking if GCC supports -fno-exceptions
configure:11187: gcc -c   -fno-exceptions  conftest.c >&5
configure:11193: $? = 0
configure:11197: test -z 
			 || test ! -s conftest.err
configure:11200: $? = 0
configure:11203: test -s conftest.o
configure:11206: $? = 0
configure:11209: result: yes
configure:11508: creating ./config.status

## ---------------------- ##
## Running config.status. ##
## ---------------------- ##

This file was extended by config.status, which was
generated by GNU Autoconf 2.59.  Invocation command line was

  CONFIG_FILES    = 
  CONFIG_HEADERS  = 
  CONFIG_LINKS    = 
  CONFIG_COMMANDS = 
  $ ./config.status 

on kloot0

config.status:702: creating makeinclude
config.status:702: creating fltk.list
config.status:702: creating fltk-config
config.status:702: creating FL/Makefile
config.status:805: creating config.h

## ---------------- ##
## Cache variables. ##
## ---------------- ##

ac_cv_c_bigendian=no
ac_cv_c_compiler_gnu=yes
ac_cv_c_long_long=yes
ac_cv_cxx_bool=yes
ac_cv_cxx_compiler_gnu=yes
ac_cv_env_CC_set=
ac_cv_env_CC_value=
ac_cv_env_CFLAGS_set=
ac_cv_env_CFLAGS_value=
ac_cv_env_CPPFLAGS_set=
ac_cv_env_CPPFLAGS_value=
ac_cv_env_CPP_set=
ac_cv_env_CPP_value=
ac_cv_env_CXXFLAGS_set=
ac_cv_env_CXXFLAGS_value=
ac_cv_env_CXX_set=
ac_cv_env_CXX_value=
ac_cv_env_LDFLAGS_set=
ac_cv_env_LDFLAGS_value=
ac_cv_env_build_alias_set=
ac_cv_env_build_alias_value=
ac_cv_env_host_alias_set=
ac_cv_env_host_alias_value=
ac_cv_env_target_alias_set=
ac_cv_env_target_alias_value=
ac_cv_exeext=
ac_cv_func_connect=yes
ac_cv_func_gethostbyname=yes
ac_cv_func_localeconv=yes
ac_cv_func_remove=yes
ac_cv_func_scandir=yes
ac_cv_func_shmat=yes
ac_cv_func_snprintf=yes
ac_cv_func_strcasecmp=yes
ac_cv_func_strlcat=no
ac_cv_func_strlcpy=no
ac_cv_func_strtoll=yes
ac_cv_func_vsnprintf=yes
ac_cv_have_overlay=no
ac_cv_have_x='have_x=yes 		ac_x_includes= ac_x_libraries='
ac_cv_header_GL_gl_h=yes
ac_cv_header_GL_glu_h=yes
ac_cv_header_alsa_asoundlib_h=yes
ac_cv_header_dirent_dirent_h=yes
ac_cv_header_inttypes_h=yes
ac_cv_header_locale_h=yes
ac_cv_header_memory_h=yes
ac_cv_header_png_h=yes
ac_cv_header_stdc=yes
ac_cv_header_stdint_h=yes
ac_cv_header_stdlib_h=yes
ac_cv_header_string_h=yes
ac_cv_header_strings_h=yes
ac_cv_header_sys_select_h=yes
ac_cv_header_sys_stat_h=yes
ac_cv_header_sys_stdtypes_h=no
ac_cv_header_sys_types_h=yes
ac_cv_header_unistd_h=yes
ac_cv_lib_GL_glXMakeCurrent=yes
ac_cv_lib_ICE_IceConnectionNumber=yes
ac_cv_lib_jpeg_jpeg_CreateCompress=yes
ac_cv_lib_png_png_set_tRNS_to_alpha=yes
ac_cv_lib_z_gzgets=yes
ac_cv_objext=o
ac_cv_path_AR=/usr/bin/ar
ac_cv_path_NROFF=/usr/bin/nroff
ac_cv_prog_CPP='gcc -E'
ac_cv_prog_ac_ct_CC=gcc
ac_cv_prog_ac_ct_CXX=g++
ac_cv_prog_ac_ct_RANLIB=ranlib
ac_cv_prog_cc_g=yes
ac_cv_prog_cc_stdc=
ac_cv_prog_cxx_g=yes
ac_cv_prog_egrep='grep -E'
ac_cv_search_dlopen='none required'
ac_cv_search_opendir='none required'
ac_cv_search_pow=-lm
ac_cv_sizeof_int=4
ac_cv_sizeof_long=4
ac_cv_sizeof_short=2
ac_cv_sys_file_offset_bits=64
ac_cv_sys_large_files=no
ac_cv_sys_largefile_CC=no
ac_cv_type_int=yes
ac_cv_type_long=yes
ac_cv_type_short=yes

## ----------------- ##
## Output variables. ##
## ----------------- ##

AR='/usr/bin/ar'
AUDIOLIBS='-lasound'
CAT1EXT='1'
CAT3EXT='3'
CAT6EXT='3'
CC='gcc'
CFLAGS=' '
CPP='gcc -E'
CPPFLAGS=''
CXX='g++'
CXXFLAGS=' '
DEFS='-DHAVE_CONFIG_H'
DSOCOMMAND='echo'
DSOLINK=''
DSONAME=''
ECHO_C=''
ECHO_N='-n'
ECHO_T=''
EGREP='grep -E'
EXEEXT=''
FLDSONAME=''
FLLIBNAME='../lib/libfltk_forms.a'
FLUID='fluid'
FL_API_VERSION='1.1'
FL_MAJOR_VERSION='1'
FL_MINOR_VERSION='1'
FL_PATCH_VERSION='7'
FTCONFIG=''
GLDEMOS='gldemos'
GLDSONAME=''
GLLIB='-lGLU -lGL'
GLLIBNAME='../lib/libfltk_gl.a'
GROFF=''
HLINKS=''
HTMLDOC=''
IMAGELIBS='-lpng -lz -ljpeg '
IMGDSONAME=''
IMGLIBNAME='../lib/libfltk_images.a'
INSTALL_DESKTOP='install-linux'
JPEG=''
JPEGINC=''
LARGEFILE='-D_LARGEFILE_SOURCE -D_LARGEFILE64_SOURCE -D_FILE_OFFSET_BITS=64'
LDFLAGS=' '
LIBCOMMAND='/usr/bin/ar cr'
LIBEXT='.a'
LIBNAME='../lib/libfltk.a'
LIBOBJS=''
LIBS='-lm  -lXext -lX11 '
LINKFLTK='../lib/libfltk.a'
LINKFLTKFORMS='../lib/libfltk_forms.a'
LINKFLTKGL='../lib/libfltk_gl.a'
LINKFLTKIMG='../lib/libfltk_images.a'
LINKSHARED='../lib/libfltk_images.a ../lib/libfltk_forms.a ../lib/libfltk.a'
LTLIBOBJS=''
MAKEDEPEND='$(CXX) -M'
NROFF='/usr/bin/nroff'
OBJEXT='o'
OPTIM=' -Os -Wall -Wunused -Wno-format-y2k  -fno-exceptions'
PACKAGE_BUGREPORT=''
PACKAGE_NAME=''
PACKAGE_STRING=''
PACKAGE_TARNAME=''
PACKAGE_VERSION=''
PATH_SEPARATOR=':'
PNG=''
PNGINC=''
POSTBUILD=':'
RANLIB='ranlib'
SHAREDSUFFIX=''
SHELL='/bin/bash'
THREADS=''
UNINSTALL_DESKTOP='uninstall-linux'
X_CFLAGS=''
X_EXTRA_LIBS=''
X_LIBS=''
X_PRE_LIBS=' -lSM -lICE'
ZLIB=''
ZLIBINC=''
ac_ct_CC='gcc'
ac_ct_CXX='g++'
ac_ct_RANLIB='ranlib'
bindir='${exec_prefix}/bin'
build_alias=''
datadir='${prefix}/share'
exec_prefix='${prefix}'
host_alias=''
includedir='${prefix}/include'
infodir='${prefix}/info'
libdir='${exec_prefix}/lib'
libexecdir='${exec_prefix}/libexec'
localstatedir='${prefix}/var'
mandir='${prefix}/man'
oldincludedir='/usr/include'
prefix='/usr/local'
program_transform_name='s,x,x,'
sbindir='${exec_prefix}/sbin'
sharedstatedir='${prefix}/com'
sysconfdir='${prefix}/etc'
target_alias=''

## ----------- ##
## confdefs.h. ##
## ----------- ##

#define FLTK_DATADIR "/usr/local/share/fltk"
#define FLTK_DOCDIR "/usr/local/share/doc/fltk"
#define HAVE_ALSA_ASOUNDLIB_H 1
#define HAVE_DIRENT_H 1
#define HAVE_GL 1
#define HAVE_GL_GLU_H 1
#define HAVE_INTTYPES_H 1
#define HAVE_LIBJPEG 1
#define HAVE_LIBPNG 1
#define HAVE_LIBZ 1
#define HAVE_LOCALECONV 1
#define HAVE_LOCALE_H 1
#define HAVE_LONG_LONG 1
#define HAVE_MEMORY_H 1
#define HAVE_PNG_H 1
#define HAVE_SCANDIR 1
#define HAVE_SNPRINTF 1
#define HAVE_STDINT_H 1
#define HAVE_STDLIB_H 1
#define HAVE_STRCASECMP 1
#define HAVE_STRINGS_H 1
#define HAVE_STRINGS_H 1
#define HAVE_STRING_H 1
#define HAVE_STRTOLL 1
#define HAVE_SYS_SELECT_H 1
#define HAVE_SYS_STAT_H 1
#define HAVE_SYS_TYPES_H 1
#define HAVE_UNISTD_H 1
#define HAVE_VSNPRINTF 1
#define PACKAGE_BUGREPORT ""
#define PACKAGE_NAME ""
#define PACKAGE_STRING ""
#define PACKAGE_TARNAME ""
#define PACKAGE_VERSION ""
#define SIZEOF_INT 4
#define SIZEOF_LONG 4
#define SIZEOF_SHORT 2
#define STDC_HEADERS 1
#define U16 unsigned short
#define U32 unsigned
#define _FILE_OFFSET_BITS 64
#endif
#ifdef __cplusplus
extern "C" void std::exit (int) throw (); using std::exit;

configure: exit 0
