This file contains any messages produced by compilers while
running configure, to aid debugging if configure makes a mistake.

It was created by configure, which was
generated by GNU Autoconf 2.59.  Invocation command line was

  $ ./configure --prefix=/usr/local/

## --------- ##
## Platform. ##
## --------- ##

hostname = kloot0
uname -m = i686
uname -r = 2.6.17-10-generic
uname -s = Linux
uname -v = #2 SMP Tue Dec 5 22:28:26 UTC 2006

/usr/bin/uname -p = unknown
/bin/uname -X     = unknown

/bin/arch              = i686
/usr/bin/arch -k       = unknown
/usr/convex/getsysinfo = unknown
hostinfo               = unknown
/bin/machine           = unknown
/usr/bin/oslevel       = unknown
/bin/universe          = unknown

PATH: /usr/local/sbin
PATH: /usr/local/bin
PATH: /usr/sbin
PATH: /usr/bin
PATH: /sbin
PATH: /bin
PATH: /usr/bin/X11
PATH: /usr/games


## ----------- ##
## Core tests. ##
## ----------- ##

configure:1604: checking for gcc
configure:1620: found /usr/bin/gcc
configure:1630: result: gcc
configure:1874: checking for C compiler version
configure:1877: gcc --version </dev/null >&5
gcc (GCC) 4.1.2 20060928 (prerelease) (Ubuntu 4.1.1-13ubuntu5)
Copyright (C) 2006 Free Software Foundation, Inc.
This is free software; see the source for copying conditions.  There is NO
warranty; not even for MERCHANTABILITY or FITNESS FOR A PARTICULAR PURPOSE.

configure:1880: $? = 0
configure:1882: gcc -v </dev/null >&5
Using built-in specs.
Target: i486-linux-gnu
Configured with: ../src/configure -v --enable-languages=c,c++,fortran,objc,obj-c++,treelang --prefix=/usr --enable-shared --with-system-zlib --libexecdir=/usr/lib --without-included-gettext --enable-threads=posix --enable-nls --program-suffix=-4.1 --enable-__cxa_atexit --enable-clocale=gnu --enable-libstdcxx-debug --enable-mpfr --enable-checking=release i486-linux-gnu
Thread model: posix
gcc version 4.1.2 20060928 (prerelease) (Ubuntu 4.1.1-13ubuntu5)
configure:1885: $? = 0
configure:1887: gcc -V </dev/null >&5
gcc: '-V' option must have argument
configure:1890: $? = 1
configure:1913: checking for C compiler default output file name
configure:1916: gcc    conftest.c  >&5
configure:1919: $? = 0
configure:1965: result: a.out
configure:1970: checking whether the C compiler works
configure:1976: ./a.out
configure:1979: $? = 0
configure:1996: result: yes
configure:2003: checking whether we are cross compiling
configure:2005: result: no
configure:2008: checking for suffix of executables
configure:2010: gcc -o conftest    conftest.c  >&5
configure:2013: $? = 0
configure:2038: result: 
configure:2044: checking for suffix of object files
configure:2065: gcc -c   conftest.c >&5
configure:2068: $? = 0
configure:2090: result: o
configure:2094: checking whether we are using the GNU C compiler
configure:2118: gcc -c   conftest.c >&5
configure:2124: $? = 0
configure:2128: test -z 
			 || test ! -s conftest.err
configure:2131: $? = 0
configure:2134: test -s conftest.o
configure:2137: $? = 0
configure:2150: result: yes
configure:2156: checking whether gcc accepts -g
configure:2177: gcc -c -g  conftest.c >&5
configure:2183: $? = 0
configure:2187: test -z 
			 || test ! -s conftest.err
configure:2190: $? = 0
configure:2193: test -s conftest.o
configure:2196: $? = 0
configure:2207: result: yes
configure:2224: checking for gcc option to accept ANSI C
configure:2294: gcc  -c   conftest.c >&5
configure:2300: $? = 0
configure:2304: test -z 
			 || test ! -s conftest.err
configure:2307: $? = 0
configure:2310: test -s conftest.o
configure:2313: $? = 0
configure:2331: result: none needed
configure:2349: gcc -c   conftest.c >&5
conftest.c:2: error: expected '=', ',', ';', 'asm' or '__attribute__' before 'me'
configure:2355: $? = 1
configure: failed program was:
| #ifndef __cplusplus
|   choke me
| #endif
configure:2540: checking for g++
configure:2556: found /usr/bin/g++
configure:2566: result: g++
configure:2582: checking for C++ compiler version
configure:2585: g++ --version </dev/null >&5
g++ (GCC) 4.1.2 20060928 (prerelease) (Ubuntu 4.1.1-13ubuntu5)
Copyright (C) 2006 Free Software Foundation, Inc.
This is free software; see the source for copying conditions.  There is NO
warranty; not even for MERCHANTABILITY or FITNESS FOR A PARTICULAR PURPOSE.

configure:2588: $? = 0
configure:2590: g++ -v </dev/null >&5
Using built-in specs.
Target: i486-linux-gnu
Configured with: ../src/configure -v --enable-languages=c,c++,fortran,objc,obj-c++,treelang --prefix=/usr --enable-shared --with-system-zlib --libexecdir=/usr/lib --without-included-gettext --enable-threads=posix --enable-nls --program-suffix=-4.1 --enable-__cxa_atexit --enable-clocale=gnu --enable-libstdcxx-debug --enable-mpfr --enable-checking=release i486-linux-gnu
Thread model: posix
gcc version 4.1.2 20060928 (prerelease) (Ubuntu 4.1.1-13ubuntu5)
configure:2593: $? = 0
configure:2595: g++ -V </dev/null >&5
g++: '-V' option must have argument
configure:2598: $? = 1
configure:2601: checking whether we are using the GNU C++ compiler
configure:2625: g++ -c   conftest.cc >&5
configure:2631: $? = 0
configure:2635: test -z 
			 || test ! -s conftest.err
configure:2638: $? = 0
configure:2641: test -s conftest.o
configure:2644: $? = 0
configure:2657: result: yes
configure:2663: checking whether g++ accepts -g
configure:2684: g++ -c -g  conftest.cc >&5
configure:2690: $? = 0
configure:2694: test -z 
			 || test ! -s conftest.err
configure:2697: $? = 0
configure:2700: test -s conftest.o
configure:2703: $? = 0
configure:2714: result: yes
configure:2756: g++ -c   conftest.cc >&5
configure:2762: $? = 0
configure:2766: test -z 
			 || test ! -s conftest.err
configure:2769: $? = 0
configure:2772: test -s conftest.o
configure:2775: $? = 0
configure:2801: g++ -c   conftest.cc >&5
conftest.cc: In function 'int main()':
conftest.cc:13: error: 'exit' was not declared in this scope
configure:2807: $? = 1
configure: failed program was:
| /* confdefs.h.  */
| 
| #define PACKAGE_NAME ""
| #define PACKAGE_TARNAME ""
| #define PACKAGE_VERSION ""
| #define PACKAGE_STRING ""
| #define PACKAGE_BUGREPORT ""
| /* end confdefs.h.  */
| 
| int
| main ()
| {
| exit (42);
|   ;
|   return 0;
| }
configure:2756: g++ -c   conftest.cc >&5
configure:2762: $? = 0
configure:2766: test -z 
			 || test ! -s conftest.err
configure:2769: $? = 0
configure:2772: test -s conftest.o
configure:2775: $? = 0
configure:2801: g++ -c   conftest.cc >&5
configure:2807: $? = 0
configure:2811: test -z 
			 || test ! -s conftest.err
configure:2814: $? = 0
configure:2817: test -s conftest.o
configure:2820: $? = 0
configure:2845: checking for nroff
configure:2863: found /usr/bin/nroff
configure:2875: result: /usr/bin/nroff
configure:2930: checking for htmldoc
configure:2963: result: no
configure:3009: checking for ranlib
configure:3025: found /usr/bin/ranlib
configure:3036: result: ranlib
configure:3050: checking for ar
configure:3068: found /usr/bin/ar
configure:3080: result: /usr/bin/ar
configure:3106: checking whether byte ordering is bigendian
configure:3133: gcc -c   conftest.c >&5
configure:3139: $? = 0
configure:3143: test -z 
			 || test ! -s conftest.err
configure:3146: $? = 0
configure:3149: test -s conftest.o
configure:3152: $? = 0
configure:3176: gcc -c   conftest.c >&5
conftest.c: In function 'main':
conftest.c:19: error: 'not' undeclared (first use in this function)
conftest.c:19: error: (Each undeclared identifier is reported only once
conftest.c:19: error: for each function it appears in.)
conftest.c:19: error: expected ';' before 'big'
configure:3182: $? = 1
configure: failed program was:
| /* confdefs.h.  */
| 
| #define PACKAGE_NAME ""
| #define PACKAGE_TARNAME ""
| #define PACKAGE_VERSION ""
| #define PACKAGE_STRING ""
| #define PACKAGE_BUGREPORT ""
| #ifdef __cplusplus
| extern "C" void std::exit (int) throw (); using std::exit;
| #endif
| /* end confdefs.h.  */
| #include <sys/types.h>
| #include <sys/param.h>
| 
| int
| main ()
| {
| #if BYTE_ORDER != BIG_ENDIAN
|  not big endian
| #endif
| 
|   ;
|   return 0;
| }
configure:3317: result: no
configure:3342: checking how to run the C preprocessor
configure:3377: gcc -E  conftest.c
configure:3383: $? = 0
configure:3415: gcc -E  conftest.c
conftest.c:12:28: error: ac_nonexistent.h: No such file or directory
configure:3421: $? = 1
configure: failed program was:
| /* confdefs.h.  */
| 
| #define PACKAGE_NAME ""
| #define PACKAGE_TARNAME ""
| #define PACKAGE_VERSION ""
| #define PACKAGE_STRING ""
| #define PACKAGE_BUGREPORT ""
| #ifdef __cplusplus
| extern "C" void std::exit (int) throw (); using std::exit;
| #endif
| /* end confdefs.h.  */
| #include <ac_nonexistent.h>
configure:3460: result: gcc -E
configure:3484: gcc -E  conftest.c
configure:3490: $? = 0
configure:3522: gcc -E  conftest.c
conftest.c:12:28: error: ac_nonexistent.h: No such file or directory
configure:3528: $? = 1
configure: failed program was:
| /* confdefs.h.  */
| 
| #define PACKAGE_NAME ""
| #define PACKAGE_TARNAME ""
| #define PACKAGE_VERSION ""
| #define PACKAGE_STRING ""
| #define PACKAGE_BUGREPORT ""
| #ifdef __cplusplus
| extern "C" void std::exit (int) throw (); using std::exit;
| #endif
| /* end confdefs.h.  */
| #include <ac_nonexistent.h>
configure:3572: checking for egrep
configure:3582: result: grep -E
configure:3587: checking for ANSI C header files
configure:3612: gcc -c   conftest.c >&5
configure:3618: $? = 0
configure:3622: test -z 
			 || test ! -s conftest.err
configure:3625: $? = 0
configure:3628: test -s conftest.o
configure:3631: $? = 0
configure:3720: gcc -o conftest    conftest.c  >&5
conftest.c: In function 'main':
conftest.c:29: warning: incompatible implicit declaration of built-in function 'exit'
configure:3723: $? = 0
configure:3725: ./conftest
configure:3728: $? = 0
configure:3743: result: yes
configure:3767: checking for sys/types.h
configure:3783: gcc -c   conftest.c >&5
configure:3789: $? = 0
configure:3793: test -z 
			 || test ! -s conftest.err
configure:3796: $? = 0
configure:3799: test -s conftest.o
configure:3802: $? = 0
configure:3813: result: yes
configure:3767: checking for sys/stat.h
configure:3783: gcc -c   conftest.c >&5
configure:3789: $? = 0
configure:3793: test -z 
			 || test ! -s conftest.err
configure:3796: $? = 0
configure:3799: test -s conftest.o
configure:3802: $? = 0
configure:3813: result: yes
configure:3767: checking for stdlib.h
configure:3783: gcc -c   conftest.c >&5
configure:3789: $? = 0
configure:3793: test -z 
			 || test ! -s conftest.err
configure:3796: $? = 0
configure:3799: test -s conftest.o
configure:3802: $? = 0
configure:3813: result: yes
configure:3767: checking for string.h
configure:3783: gcc -c   conftest.c >&5
configure:3789: $? = 0
configure:3793: test -z 
			 || test ! -s conftest.err
configure:3796: $? = 0
configure:3799: test -s conftest.o
configure:3802: $? = 0
configure:3813: result: yes
configure:3767: checking for memory.h
configure:3783: gcc -c   conftest.c >&5
configure:3789: $? = 0
configure:3793: test -z 
			 || test ! -s conftest.err
configure:3796: $? = 0
configure:3799: test -s conftest.o
configure:3802: $? = 0
configure:3813: result: yes
configure:3767: checking for strings.h
configure:3783: gcc -c   conftest.c >&5
configure:3789: $? = 0
configure:3793: test -z 
			 || test ! -s conftest.err
configure:3796: $? = 0
configure:3799: test -s conftest.o
configure:3802: $? = 0
configure:3813: result: yes
configure:3767: checking for inttypes.h
configure:3783: gcc -c   conftest.c >&5
configure:3789: $? = 0
configure:3793: test -z 
			 || test ! -s conftest.err
configure:3796: $? = 0
configure:3799: test -s conftest.o
configure:3802: $? = 0
configure:3813: result: yes
configure:3767: checking for stdint.h
configure:3783: gcc -c   conftest.c >&5
configure:3789: $? = 0
configure:3793: test -z 
			 || test ! -s conftest.err
configure:3796: $? = 0
configure:3799: test -s conftest.o
configure:3802: $? = 0
configure:3813: result: yes
configure:3767: checking for unistd.h
configure:3783: gcc -c   conftest.c >&5
configure:3789: $? = 0
configure:3793: test -z 
			 || test ! -s conftest.err
configure:3796: $? = 0
configure:3799: test -s conftest.o
configure:3802: $? = 0
configure:3813: result: yes
configure:3825: checking for short
configure:3849: gcc -c   conftest.c >&5
configure:3855: $? = 0
configure:3859: test -z 
			 || test ! -s conftest.err
configure:3862: $? = 0
configure:3865: test -s conftest.o
configure:3868: $? = 0
configure:3879: result: yes
configure:3882: checking size of short
configure:4201: gcc -o conftest    conftest.c  >&5
configure:4204: $? = 0
configure:4206: ./conftest
configure:4209: $? = 0
configure:4232: result: 2
configure:4239: checking for int
configure:4263: gcc -c   conftest.c >&5
configure:4269: $? = 0
configure:4273: test -z 
			 || test ! -s conftest.err
configure:4276: $? = 0
configure:4279: test -s conftest.o
configure:4282: $? = 0
configure:4293: result: yes
configure:4296: checking size of int
configure:4615: gcc -o conftest    conftest.c  >&5
configure:4618: $? = 0
configure:4620: ./conftest
configure:4623: $? = 0
configure:4646: result: 4
configure:4653: checking for long
configure:4677: gcc -c   conftest.c >&5
configure:4683: $? = 0
configure:4687: test -z 
			 || test ! -s conftest.err
configure:4690: $? = 0
configure:4693: test -s conftest.o
configure:4696: $? = 0
configure:4707: result: yes
configure:4710: checking size of long
configure:5029: gcc -o conftest    conftest.c  >&5
configure:5032: $? = 0
configure:5034: ./conftest
configure:5037: $? = 0
configure:5060: result: 4
configure:5101: checking whether the compiler recognizes bool as a built-in type
configure:5138: g++ -c   conftest.cc >&5
configure:5144: $? = 0
configure:5148: test -z 
			 || test ! -s conftest.err
configure:5151: $? = 0
configure:5154: test -s conftest.o
configure:5157: $? = 0
configure:5175: result: yes
configure:5190: checking for dirent.h that defines DIR
configure:5214: gcc -c   conftest.c >&5
configure:5220: $? = 0
configure:5224: test -z 
			 || test ! -s conftest.err
configure:5227: $? = 0
configure:5230: test -s conftest.o
configure:5233: $? = 0
configure:5244: result: yes
configure:5257: checking for library containing opendir
configure:5287: gcc -o conftest    conftest.c  >&5
configure:5293: $? = 0
configure:5297: test -z 
			 || test ! -s conftest.err
configure:5300: $? = 0
configure:5303: test -s conftest
configure:5306: $? = 0
configure:5376: result: none required
configure:5522: checking sys/select.h usability
configure:5534: gcc -c   conftest.c >&5
configure:5540: $? = 0
configure:5544: test -z 
			 || test ! -s conftest.err
configure:5547: $? = 0
configure:5550: test -s conftest.o
configure:5553: $? = 0
configure:5563: result: yes
configure:5567: checking sys/select.h presence
configure:5577: gcc -E  conftest.c
configure:5583: $? = 0
configure:5603: result: yes
configure:5638: checking for sys/select.h
configure:5645: result: yes
configure:5667: checking sys/stdtypes.h usability
configure:5679: gcc -c   conftest.c >&5
conftest.c:63:26: error: sys/stdtypes.h: No such file or directory
configure:5685: $? = 1
configure: failed program was:
| /* confdefs.h.  */
| 
| #define PACKAGE_NAME ""
| #define PACKAGE_TARNAME ""
| #define PACKAGE_VERSION ""
| #define PACKAGE_STRING ""
| #define PACKAGE_BUGREPORT ""
| #ifdef __cplusplus
| extern "C" void std::exit (int) throw (); using std::exit;
| #endif
| #define STDC_HEADERS 1
| #define HAVE_SYS_TYPES_H 1
| #define HAVE_SYS_STAT_H 1
| #define HAVE_STDLIB_H 1
| #define HAVE_STRING_H 1
| #define HAVE_MEMORY_H 1
| #define HAVE_STRINGS_H 1
| #define HAVE_INTTYPES_H 1
| #define HAVE_STDINT_H 1
| #define HAVE_UNISTD_H 1
| #define SIZEOF_SHORT 2
| #define SIZEOF_INT 4
| #define SIZEOF_LONG 4
| #define U16 unsigned short
| #define U32 unsigned
| #define HAVE_DIRENT_H 1
| #define HAVE_SYS_SELECT_H 1
| /* end confdefs.h.  */
| #include <stdio.h>
| #if HAVE_SYS_TYPES_H
| # include <sys/types.h>
| #endif
| #if HAVE_SYS_STAT_H
| # include <sys/stat.h>
| #endif
| #if STDC_HEADERS
| # include <stdlib.h>
| # include <stddef.h>
| #else
| # if HAVE_STDLIB_H
| #  include <stdlib.h>
| # endif
| #endif
| #if HAVE_STRING_H
| # if !STDC_HEADERS && HAVE_MEMORY_H
| #  include <memory.h>
| # endif
| # include <string.h>
| #endif
| #if HAVE_STRINGS_H
| # include <strings.h>
| #endif
| #if HAVE_INTTYPES_H
| # include <inttypes.h>
| #else
| # if HAVE_STDINT_H
| #  include <stdint.h>
| # endif
| #endif
| #if HAVE_UNISTD_H
| # include <unistd.h>
| #endif
| #include <sys/stdtypes.h>
configure:5708: result: no
configure:5712: checking sys/stdtypes.h presence
configure:5722: gcc -E  conftest.c
conftest.c:29:26: error: sys/stdtypes.h: No such file or directory
configure:5728: $? = 1
configure: failed program was:
| /* confdefs.h.  */
| 
| #define PACKAGE_NAME ""
| #define PACKAGE_TARNAME ""
| #define PACKAGE_VERSION ""
| #define PACKAGE_STRING ""
| #define PACKAGE_BUGREPORT ""
| #ifdef __cplusplus
| extern "C" void std::exit (int) throw (); using std::exit;
| #endif
| #define STDC_HEADERS 1
| #define HAVE_SYS_TYPES_H 1
| #define HAVE_SYS_STAT_H 1
| #define HAVE_STDLIB_H 1
| #define HAVE_STRING_H 1
| #define HAVE_MEMORY_H 1
| #define HAVE_STRINGS_H 1
| #define HAVE_INTTYPES_H 1
| #define HAVE_STDINT_H 1
| #define HAVE_UNISTD_H 1
| #define SIZEOF_SHORT 2
| #define SIZEOF_INT 4
| #define SIZEOF_LONG 4
| #define U16 unsigned short
| #define U32 unsigned
| #define HAVE_DIRENT_H 1
| #define HAVE_SYS_SELECT_H 1
| /* end confdefs.h.  */
| #include <sys/stdtypes.h>
configure:5748: result: no
configure:5783: checking for sys/stdtypes.h
configure:5790: result: no
configure:5802: checking for scandir
configure:5859: gcc -o conftest    conftest.c  >&5
configure:5865: $? = 0
configure:5869: test -z 
			 || test ! -s conftest.err
configure:5872: $? = 0
configure:5875: test -s conftest
configure:5878: $? = 0
configure:5890: result: yes
configure:5907: checking for string.h
configure:5912: result: yes
configure:6052: checking for strings.h
configure:6057: result: yes
configure:6197: checking for snprintf
configure:6254: gcc -o conftest    conftest.c  >&5
conftest.c:56: warning: conflicting types for built-in function 'snprintf'
configure:6260: $? = 0
configure:6264: test -z 
			 || test ! -s conftest.err
configure:6267: $? = 0
configure:6270: test -s conftest
configure:6273: $? = 0
configure:6285: result: yes
configure:6326: checking for vsnprintf
configure:6383: gcc -o conftest    conftest.c  >&5
conftest.c:57: warning: conflicting types for built-in function 'vsnprintf'
configure:6389: $? = 0
configure:6393: test -z 
			 || test ! -s conftest.err
configure:6396: $? = 0
configure:6399: test -s conftest
configure:6402: $? = 0
configure:6414: result: yes
configure:6455: checking for strcasecmp
configure:6512: gcc -o conftest    conftest.c  >&5
conftest.c:58: warning: conflicting types for built-in function 'strcasecmp'
configure:6518: $? = 0
configure:6522: test -z 
			 || test ! -s conftest.err
configure:6525: $? = 0
configure:6528: test -s conftest
configure:6531: $? = 0
configure:6543: result: yes
configure:6564: checking for strdup
configure:6621: gcc -o conftest    conftest.c  >&5
conftest.c:59: warning: conflicting types for built-in function 'strdup'
configure:6627: $? = 0
configure:6631: test -z 
			 || test ! -s conftest.err
configure:6634: $? = 0
configure:6637: test -s conftest
configure:6640: $? = 0
configure:6652: result: yes
configure:6661: checking for strncasecmp
configure:6718: gcc -o conftest    conftest.c  >&5
conftest.c:60: warning: conflicting types for built-in function 'strncasecmp'
configure:6724: $? = 0
configure:6728: test -z 
			 || test ! -s conftest.err
configure:6731: $? = 0
configure:6734: test -s conftest
configure:6737: $? = 0
configure:6749: result: yes
configure:6770: checking for strlcat
configure:6827: gcc -o conftest    conftest.c  >&5
/tmp/ccmThxBa.o: In function `main':
conftest.c:(.text+0x14): undefined reference to `strlcat'
/tmp/ccmThxBa.o:(.data+0x0): undefined reference to `strlcat'
collect2: ld returned 1 exit status
configure:6833: $? = 1
configure: failed program was:
| /* confdefs.h.  */
| 
| #define PACKAGE_NAME ""
| #define PACKAGE_TARNAME ""
| #define PACKAGE_VERSION ""
| #define PACKAGE_STRING ""
| #define PACKAGE_BUGREPORT ""
| #ifdef __cplusplus
| extern "C" void std::exit (int) throw (); using std::exit;
| #endif
| #define STDC_HEADERS 1
| #define HAVE_SYS_TYPES_H 1
| #define HAVE_SYS_STAT_H 1
| #define HAVE_STDLIB_H 1
| #define HAVE_STRING_H 1
| #define HAVE_MEMORY_H 1
| #define HAVE_STRINGS_H 1
| #define HAVE_INTTYPES_H 1
| #define HAVE_STDINT_H 1
| #define HAVE_UNISTD_H 1
| #define SIZEOF_SHORT 2
| #define SIZEOF_INT 4
| #define SIZEOF_LONG 4
| #define U16 unsigned short
| #define U32 unsigned
| #define HAVE_DIRENT_H 1
| #define HAVE_SYS_SELECT_H 1
| #define HAVE_SCANDIR 1
| #define HAVE_STRING_H 1
| #define HAVE_STRINGS_H 1
| #define HAVE_SNPRINTF 1
| #define HAVE_VSNPRINTF 1
| #define HAVE_STRCASECMP 1
| #define HAVE_STRDUP 1
| #define HAVE_STRNCASECMP 1
| /* end confdefs.h.  */
| /* Define strlcat to an innocuous variant, in case <limits.h> declares strlcat.
|    For example, HP-UX 11i <limits.h> declares gettimeofday.  */
| #define strlcat innocuous_strlcat
| 
| /* System header to define __stub macros and hopefully few prototypes,
|     which can conflict with char strlcat (); below.
|     Prefer <limits.h> to <assert.h> if __STDC__ is defined, since
|     <limits.h> exists even on freestanding compilers.  */
| 
| #ifdef __STDC__
| # include <limits.h>
| #else
| # include <assert.h>
| #endif
| 
| #undef strlcat
| 
| /* Override any gcc2 internal prototype to avoid an error.  */
| #ifdef __cplusplus
| extern "C"
| {
| #endif
| /* We use char because int might match the return type of a gcc2
|    builtin and then its argument prototype would still apply.  */
| char strlcat ();
| /* The GNU C library defines this for functions which it implements
|     to always fail with ENOSYS.  Some functions are actually named
|     something starting with __ and the normal name is an alias.  */
| #if defined (__stub_strlcat) || defined (__stub___strlcat)
| choke me
| #else
| char (*f) () = strlcat;
| #endif
| #ifdef __cplusplus
| }
| #endif
| 
| int
| main ()
| {
| return f != strlcat;
|   ;
|   return 0;
| }
configure:6858: result: no
configure:6867: checking for strlcpy
configure:6924: gcc -o conftest    conftest.c  >&5
/tmp/cckls7Wi.o: In function `main':
conftest.c:(.text+0x14): undefined reference to `strlcpy'
/tmp/cckls7Wi.o:(.data+0x0): undefined reference to `strlcpy'
collect2: ld returned 1 exit status
configure:6930: $? = 1
configure: failed program was:
| /* confdefs.h.  */
| 
| #define PACKAGE_NAME ""
| #define PACKAGE_TARNAME ""
| #define PACKAGE_VERSION ""
| #define PACKAGE_STRING ""
| #define PACKAGE_BUGREPORT ""
| #ifdef __cplusplus
| extern "C" void std::exit (int) throw (); using std::exit;
| #endif
| #define STDC_HEADERS 1
| #define HAVE_SYS_TYPES_H 1
| #define HAVE_SYS_STAT_H 1
| #define HAVE_STDLIB_H 1
| #define HAVE_STRING_H 1
| #define HAVE_MEMORY_H 1
| #define HAVE_STRINGS_H 1
| #define HAVE_INTTYPES_H 1
| #define HAVE_STDINT_H 1
| #define HAVE_UNISTD_H 1
| #define SIZEOF_SHORT 2
| #define SIZEOF_INT 4
| #define SIZEOF_LONG 4
| #define U16 unsigned short
| #define U32 unsigned
| #define HAVE_DIRENT_H 1
| #define HAVE_SYS_SELECT_H 1
| #define HAVE_SCANDIR 1
| #define HAVE_STRING_H 1
| #define HAVE_STRINGS_H 1
| #define HAVE_SNPRINTF 1
| #define HAVE_VSNPRINTF 1
| #define HAVE_STRCASECMP 1
| #define HAVE_STRDUP 1
| #define HAVE_STRNCASECMP 1
| /* end confdefs.h.  */
| /* Define strlcpy to an innocuous variant, in case <limits.h> declares strlcpy.
|    For example, HP-UX 11i <limits.h> declares gettimeofday.  */
| #define strlcpy innocuous_strlcpy
| 
| /* System header to define __stub macros and hopefully few prototypes,
|     which can conflict with char strlcpy (); below.
|     Prefer <limits.h> to <assert.h> if __STDC__ is defined, since
|     <limits.h> exists even on freestanding compilers.  */
| 
| #ifdef __STDC__
| # include <limits.h>
| #else
| # include <assert.h>
| #endif
| 
| #undef strlcpy
| 
| /* Override any gcc2 internal prototype to avoid an error.  */
| #ifdef __cplusplus
| extern "C"
| {
| #endif
| /* We use char because int might match the return type of a gcc2
|    builtin and then its argument prototype would still apply.  */
| char strlcpy ();
| /* The GNU C library defines this for functions which it implements
|     to always fail with ENOSYS.  Some functions are actually named
|     something starting with __ and the normal name is an alias.  */
| #if defined (__stub_strlcpy) || defined (__stub___strlcpy)
| choke me
| #else
| char (*f) () = strlcpy;
| #endif
| #ifdef __cplusplus
| }
| #endif
| 
| int
| main ()
| {
| return f != strlcpy;
|   ;
|   return 0;
| }
configure:6955: result: no
configure:6965: checking for library containing pow
configure:6995: gcc -o conftest    conftest.c  >&5
conftest.c:44: warning: conflicting types for built-in function 'pow'
/tmp/ccQOgbJr.o: In function `main':
conftest.c:(.text+0x12): undefined reference to `pow'
collect2: ld returned 1 exit status
configure:7001: $? = 1
configure: failed program was:
| /* confdefs.h.  */
| 
| #define PACKAGE_NAME ""
| #define PACKAGE_TARNAME ""
| #define PACKAGE_VERSION ""
| #define PACKAGE_STRING ""
| #define PACKAGE_BUGREPORT ""
| #ifdef __cplusplus
| extern "C" void std::exit (int) throw (); using std::exit;
| #endif
| #define STDC_HEADERS 1
| #define HAVE_SYS_TYPES_H 1
| #define HAVE_SYS_STAT_H 1
| #define HAVE_STDLIB_H 1
| #define HAVE_STRING_H 1
| #define HAVE_MEMORY_H 1
| #define HAVE_STRINGS_H 1
| #define HAVE_INTTYPES_H 1
| #define HAVE_STDINT_H 1
| #define HAVE_UNISTD_H 1
| #define SIZEOF_SHORT 2
| #define SIZEOF_INT 4
| #define SIZEOF_LONG 4
| #define U16 unsigned short
| #define U32 unsigned
| #define HAVE_DIRENT_H 1
| #define HAVE_SYS_SELECT_H 1
| #define HAVE_SCANDIR 1
| #define HAVE_STRING_H 1
| #define HAVE_STRINGS_H 1
| #define HAVE_SNPRINTF 1
| #define HAVE_VSNPRINTF 1
| #define HAVE_STRCASECMP 1
| #define HAVE_STRDUP 1
| #define HAVE_STRNCASECMP 1
| /* end confdefs.h.  */
| 
| /* Override any gcc2 internal prototype to avoid an error.  */
| #ifdef __cplusplus
| extern "C"
| #endif
| /* We use char because int might match the return type of a gcc2
|    builtin and then its argument prototype would still apply.  */
| char pow ();
| int
| main ()
| {
| pow ();
|   ;
|   return 0;
| }
configure:7050: gcc -o conftest    conftest.c -lm   >&5
conftest.c:44: warning: conflicting types for built-in function 'pow'
configure:7056: $? = 0
configure:7060: test -z 
			 || test ! -s conftest.err
configure:7063: $? = 0
configure:7066: test -s conftest
configure:7069: $? = 0
configure:7084: result: -lm
configure:7112: checking jpeglib.h usability
configure:7124: gcc -c   conftest.c >&5
configure:7130: $? = 0
configure:7134: test -z 
			 || test ! -s conftest.err
configure:7137: $? = 0
configure:7140: test -s conftest.o
configure:7143: $? = 0
configure:7153: result: yes
configure:7157: checking jpeglib.h presence
configure:7167: gcc -E  conftest.c
configure:7173: $? = 0
configure:7193: result: yes
configure:7228: checking for jpeglib.h
configure:7235: result: yes
configure:7241: checking for jpeg_destroy_decompress in -ljpeg
configure:7271: gcc -o conftest    conftest.c -ljpeg  -lm  >&5
configure:7277: $? = 0
configure:7281: test -z 
			 || test ! -s conftest.err
configure:7284: $? = 0
configure:7287: test -s conftest
configure:7290: $? = 0
configure:7303: result: yes
configure:7352: checking zlib.h usability
configure:7364: gcc -c   conftest.c >&5
configure:7370: $? = 0
configure:7374: test -z 
			 || test ! -s conftest.err
configure:7377: $? = 0
configure:7380: test -s conftest.o
configure:7383: $? = 0
configure:7393: result: yes
configure:7397: checking zlib.h presence
configure:7407: gcc -E  conftest.c
configure:7413: $? = 0
configure:7433: result: yes
configure:7468: checking for zlib.h
configure:7475: result: yes
configure:7481: checking for gzopen in -lz
configure:7511: gcc -o conftest    conftest.c -lz  -lm  >&5
configure:7517: $? = 0
configure:7521: test -z 
			 || test ! -s conftest.err
configure:7524: $? = 0
configure:7527: test -s conftest
configure:7530: $? = 0
configure:7543: result: yes
configure:7591: checking png.h usability
configure:7603: gcc -c   conftest.c >&5
configure:7609: $? = 0
configure:7613: test -z 
			 || test ! -s conftest.err
configure:7616: $? = 0
configure:7619: test -s conftest.o
configure:7622: $? = 0
configure:7632: result: yes
configure:7636: checking png.h presence
configure:7646: gcc -E  conftest.c
configure:7652: $? = 0
configure:7672: result: yes
configure:7707: checking for png.h
configure:7714: result: yes
configure:7736: checking libpng/png.h usability
configure:7748: gcc -c   conftest.c >&5
configure:7754: $? = 0
configure:7758: test -z 
			 || test ! -s conftest.err
configure:7761: $? = 0
configure:7764: test -s conftest.o
configure:7767: $? = 0
configure:7777: result: yes
configure:7781: checking libpng/png.h presence
configure:7791: gcc -E  conftest.c
configure:7797: $? = 0
configure:7817: result: yes
configure:7852: checking for libpng/png.h
configure:7859: result: yes
configure:7872: checking for png_read_rows in -lpng
configure:7902: gcc -o conftest    conftest.c -lpng  -lm  -lz >&5
configure:7908: $? = 0
configure:7912: test -z 
			 || test ! -s conftest.err
configure:7915: $? = 0
configure:7918: test -s conftest
configure:7921: $? = 0
configure:7934: result: yes
configure:7950: checking for png_get_valid
configure:8007: gcc -o conftest    conftest.c -lpng -lm  -lz >&5
configure:8013: $? = 0
configure:8017: test -z 
			 || test ! -s conftest.err
configure:8020: $? = 0
configure:8023: test -s conftest
configure:8026: $? = 0
configure:8038: result: yes
configure:7950: checking for png_set_tRNS_to_alpha
configure:8007: gcc -o conftest    conftest.c -lpng -lm  -lz >&5
configure:8013: $? = 0
configure:8017: test -z 
			 || test ! -s conftest.err
configure:8020: $? = 0
configure:8023: test -s conftest
configure:8026: $? = 0
configure:8038: result: yes
configure:8089: checking pthread.h usability
configure:8101: gcc -c   conftest.c >&5
configure:8107: $? = 0
configure:8111: test -z 
			 || test ! -s conftest.err
configure:8114: $? = 0
configure:8117: test -s conftest.o
configure:8120: $? = 0
configure:8130: result: yes
configure:8134: checking pthread.h presence
configure:8144: gcc -E  conftest.c
configure:8150: $? = 0
configure:8170: result: yes
configure:8205: checking for pthread.h
configure:8212: result: yes
configure:8225: checking for pthread_create in -lpthread
configure:8255: gcc -o conftest    conftest.c -lpthread  -lm  >&5
configure:8261: $? = 0
configure:8265: test -z 
			 || test ! -s conftest.err
configure:8268: $? = 0
configure:8271: test -s conftest
configure:8274: $? = 0
configure:8287: result: yes
configure:8744: checking for X
configure:8849: gcc -E  conftest.c
configure:8855: $? = 0
configure:8905: gcc -o conftest    conftest.c -lXt -lpthread -lm  >&5
configure:8911: $? = 0
configure:8915: test -z 
			 || test ! -s conftest.err
configure:8918: $? = 0
configure:8921: test -s conftest
configure:8924: $? = 0
configure:8974: result: libraries , headers 
configure:9146: gcc -o conftest    conftest.c -lpthread -lm   -lX11 >&5
configure:9152: $? = 0
configure:9156: test -z 
			 || test ! -s conftest.err
configure:9159: $? = 0
configure:9162: test -s conftest
configure:9165: $? = 0
configure:9323: checking for gethostbyname
configure:9380: gcc -o conftest    conftest.c -lpthread -lm  >&5
configure:9386: $? = 0
configure:9390: test -z 
			 || test ! -s conftest.err
configure:9393: $? = 0
configure:9396: test -s conftest
configure:9399: $? = 0
configure:9411: result: yes
configure:9562: checking for connect
configure:9619: gcc -o conftest    conftest.c -lpthread -lm  >&5
configure:9625: $? = 0
configure:9629: test -z 
			 || test ! -s conftest.err
configure:9632: $? = 0
configure:9635: test -s conftest
configure:9638: $? = 0
configure:9650: result: yes
configure:9725: checking for remove
configure:9782: gcc -o conftest    conftest.c -lpthread -lm  >&5
configure:9788: $? = 0
configure:9792: test -z 
			 || test ! -s conftest.err
configure:9795: $? = 0
configure:9798: test -s conftest
configure:9801: $? = 0
configure:9813: result: yes
configure:9888: checking for shmat
configure:9945: gcc -o conftest    conftest.c -lpthread -lm  >&5
configure:9951: $? = 0
configure:9955: test -z 
			 || test ! -s conftest.err
configure:9958: $? = 0
configure:9961: test -s conftest
configure:9964: $? = 0
configure:9976: result: yes
configure:10060: checking for IceConnectionNumber in -lICE
configure:10090: gcc -o conftest    conftest.c -lICE  -lpthread -lm  >&5
configure:10096: $? = 0
configure:10100: test -z 
			 || test ! -s conftest.err
configure:10103: $? = 0
configure:10106: test -s conftest
configure:10109: $? = 0
configure:10122: result: yes
configure:10140: WARNING: Ignoring libraries " -lSM -lICE" requested by configure.
configure:10156: checking for library containing dlopen
configure:10186: gcc -o conftest     conftest.c -lpthread -lm  -lXext  >&5
configure:10192: $? = 0
configure:10196: test -z 
			 || test ! -s conftest.err
configure:10199: $? = 0
configure:10202: test -s conftest
configure:10205: $? = 0
configure:10275: result: none required
configure:10292: checking GL/gl.h usability
configure:10304: gcc -c   conftest.c >&5
configure:10310: $? = 0
configure:10314: test -z 
			 || test ! -s conftest.err
configure:10317: $? = 0
configure:10320: test -s conftest.o
configure:10323: $? = 0
configure:10333: result: yes
configure:10337: checking GL/gl.h presence
configure:10347: gcc -E  conftest.c
configure:10353: $? = 0
configure:10373: result: yes
configure:10408: checking for GL/gl.h
configure:10415: result: yes
configure:10421: checking for glXMakeCurrent in -lGL
configure:10451: gcc -o conftest     conftest.c -lGL -lm -lpthread -lm  -lXext  >&5
configure:10457: $? = 0
configure:10461: test -z 
			 || test ! -s conftest.err
configure:10464: $? = 0
configure:10467: test -s conftest
configure:10470: $? = 0
configure:10483: result: yes
configure:10582: checking GL/glu.h usability
configure:10594: gcc -c   conftest.c >&5
configure:10600: $? = 0
configure:10604: test -z 
			 || test ! -s conftest.err
configure:10607: $? = 0
configure:10610: test -s conftest.o
configure:10613: $? = 0
configure:10623: result: yes
configure:10627: checking GL/glu.h presence
configure:10637: gcc -E  conftest.c
configure:10643: $? = 0
configure:10663: result: yes
configure:10698: checking for GL/glu.h
configure:10705: result: yes
configure:10772: checking for freetype-config
configure:10790: found /usr/bin/freetype-config
configure:10802: result: /usr/bin/freetype-config
configure:10823: checking X11/Xft/Xft.h usability
configure:10835: gcc -c  -I/usr/include/freetype2  conftest.c >&5
configure:10841: $? = 0
configure:10845: test -z 
			 || test ! -s conftest.err
configure:10848: $? = 0
configure:10851: test -s conftest.o
configure:10854: $? = 0
configure:10864: result: yes
configure:10868: checking X11/Xft/Xft.h presence
configure:10878: gcc -E -I/usr/include/freetype2  -I/usr/include/freetype2 conftest.c
configure:10884: $? = 0
configure:10904: result: yes
configure:10939: checking for X11/Xft/Xft.h
configure:10946: result: yes
configure:10951: checking for XftDrawCreate in -lXft
configure:10981: gcc -o conftest  -I/usr/include/freetype2    conftest.c -lXft  -lpthread -lm  -lXext  >&5
configure:10987: $? = 0
configure:10991: test -z 
			 || test ! -s conftest.err
configure:10994: $? = 0
configure:10997: test -s conftest
configure:11000: $? = 0
configure:11013: result: yes
configure:11036: checking for X11/extensions/XShm.h
configure:11052: gcc -c  -I/usr/include/freetype2  conftest.c >&5
configure:11058: $? = 0
configure:11062: test -z 
			 || test ! -s conftest.err
configure:11065: $? = 0
configure:11068: test -s conftest.o
configure:11071: $? = 0
configure:11082: result: yes
configure:11100: checking for X11/extensions/Xdbe.h
configure:11116: gcc -c  -I/usr/include/freetype2  conftest.c >&5
configure:11122: $? = 0
configure:11126: test -z 
			 || test ! -s conftest.err
configure:11129: $? = 0
configure:11132: test -s conftest.o
configure:11135: $? = 0
configure:11146: result: yes
configure:11164: checking for X11/extensions/Xinerama.h
configure:11180: gcc -c  -I/usr/include/freetype2  conftest.c >&5
configure:11186: $? = 0
configure:11190: test -z 
			 || test ! -s conftest.err
configure:11193: $? = 0
configure:11196: test -s conftest.o
configure:11199: $? = 0
configure:11210: result: yes
configure:11225: checking for X overlay visuals
configure:11236: result: no
configure:11247: checking for Xutf8LookupString in -lX11
configure:11277: gcc -o conftest  -I/usr/include/freetype2    conftest.c -lX11  -lXi -lXinerama -lXft -lpthread -lm  -lXext  >&5
configure:11283: $? = 0
configure:11287: test -z 
			 || test ! -s conftest.err
configure:11290: $? = 0
configure:11293: test -s conftest
configure:11296: $? = 0
configure:11309: result: yes
configure:11723: checking if libsupc++ is required
configure:11741: result: yes
configure:12208: creating ./config.status

## ---------------------- ##
## Running config.status. ##
## ---------------------- ##

This file was extended by config.status, which was
generated by GNU Autoconf 2.59.  Invocation command line was

  CONFIG_FILES    = 
  CONFIG_HEADERS  = 
  CONFIG_LINKS    = 
  CONFIG_COMMANDS = 
  $ ./config.status 

on kloot0

config.status:694: creating makeinclude
config.status:694: creating fltk.list
config.status:694: creating fltk2-config
config.status:797: creating config.h

## ---------------- ##
## Cache variables. ##
## ---------------- ##

ac_cv_c_bigendian=no
ac_cv_c_compiler_gnu=yes
ac_cv_cxx_bool=yes
ac_cv_cxx_compiler_gnu=yes
ac_cv_env_CC_set=
ac_cv_env_CC_value=
ac_cv_env_CFLAGS_set=
ac_cv_env_CFLAGS_value=
ac_cv_env_CPPFLAGS_set=
ac_cv_env_CPPFLAGS_value=
ac_cv_env_CPP_set=
ac_cv_env_CPP_value=
ac_cv_env_CXXFLAGS_set=
ac_cv_env_CXXFLAGS_value=
ac_cv_env_CXX_set=
ac_cv_env_CXX_value=
ac_cv_env_LDFLAGS_set=
ac_cv_env_LDFLAGS_value=
ac_cv_env_build_alias_set=
ac_cv_env_build_alias_value=
ac_cv_env_host_alias_set=
ac_cv_env_host_alias_value=
ac_cv_env_target_alias_set=
ac_cv_env_target_alias_value=
ac_cv_exeext=
ac_cv_func_connect=yes
ac_cv_func_gethostbyname=yes
ac_cv_func_png_get_valid=yes
ac_cv_func_png_set_tRNS_to_alpha=yes
ac_cv_func_remove=yes
ac_cv_func_scandir=yes
ac_cv_func_shmat=yes
ac_cv_func_snprintf=yes
ac_cv_func_strcasecmp=yes
ac_cv_func_strdup=yes
ac_cv_func_strlcat=no
ac_cv_func_strlcpy=no
ac_cv_func_strncasecmp=yes
ac_cv_func_vsnprintf=yes
ac_cv_have_overlay=no
ac_cv_have_x='have_x=yes 		ac_x_includes= ac_x_libraries='
ac_cv_header_GL_gl_h=yes
ac_cv_header_GL_glu_h=yes
ac_cv_header_X11_Xft_Xft_h=yes
ac_cv_header_X11_extensions_XShm_h=yes
ac_cv_header_X11_extensions_Xdbe_h=yes
ac_cv_header_X11_extensions_Xinerama_h=yes
ac_cv_header_dirent_dirent_h=yes
ac_cv_header_inttypes_h=yes
ac_cv_header_jpeglib_h=yes
ac_cv_header_libpng_png_h=yes
ac_cv_header_memory_h=yes
ac_cv_header_png_h=yes
ac_cv_header_pthread_h=yes
ac_cv_header_stdc=yes
ac_cv_header_stdint_h=yes
ac_cv_header_stdlib_h=yes
ac_cv_header_string_h=yes
ac_cv_header_strings_h=yes
ac_cv_header_sys_select_h=yes
ac_cv_header_sys_stat_h=yes
ac_cv_header_sys_stdtypes_h=no
ac_cv_header_sys_types_h=yes
ac_cv_header_unistd_h=yes
ac_cv_header_zlib_h=yes
ac_cv_lib_GL_glXMakeCurrent=yes
ac_cv_lib_ICE_IceConnectionNumber=yes
ac_cv_lib_X11_Xutf8LookupString=yes
ac_cv_lib_Xft_XftDrawCreate=yes
ac_cv_lib_jpeg_jpeg_destroy_decompress=yes
ac_cv_lib_png_png_read_rows=yes
ac_cv_lib_pthread_pthread_create=yes
ac_cv_lib_z_gzopen=yes
ac_cv_objext=o
ac_cv_path_AR=/usr/bin/ar
ac_cv_path_FTCONFIG=/usr/bin/freetype-config
ac_cv_path_NROFF=/usr/bin/nroff
ac_cv_prog_CPP='gcc -E'
ac_cv_prog_ac_ct_CC=gcc
ac_cv_prog_ac_ct_CXX=g++
ac_cv_prog_ac_ct_RANLIB=ranlib
ac_cv_prog_cc_g=yes
ac_cv_prog_cc_stdc=
ac_cv_prog_cxx_g=yes
ac_cv_prog_egrep='grep -E'
ac_cv_search_dlopen='none required'
ac_cv_search_opendir='none required'
ac_cv_search_pow=-lm
ac_cv_sizeof_int=4
ac_cv_sizeof_long=4
ac_cv_sizeof_short=2
ac_cv_type_int=yes
ac_cv_type_long=yes
ac_cv_type_short=yes

## ----------------- ##
## Output variables. ##
## ----------------- ##

AR='/usr/bin/ar'
BUILDTARGETS='programs'
CAT1EXT='1'
CAT3EXT='3'
CC='gcc'
CFLAGS=''
CPP='gcc -E'
CPPFLAGS='-I/usr/include/freetype2 '
CXX='gcc'
CXXFLAGS='-I/usr/include/freetype2  -Wno-non-virtual-dtor'
DEFS='-DHAVE_CONFIG_H'
DSOCOMMAND='echo'
DSOLINK=''
DSOPREFIX=''
DSOSUFFIX=''
DSOSYMLINK=''
DSOTARGET=''
ECHO_C=''
ECHO_N='-n'
ECHO_T=''
EGREP='grep -E'
EXEEXT=''
FLUID='fluid2'
FL_API_VERSION='2.0'
FL_MAJOR_VERSION='2'
FL_MINOR_VERSION='0'
FL_PATCH_VERSION='0'
FL_RELEASE_VERSION='a0'
FTCONFIG='/usr/bin/freetype-config'
GLDEMOS='gldemos'
GLLIB='-lGLU -lGL'
GROFF=''
HLINKS=''
HTMLDOC=''
IMAGELIBS='-lpng -lfltk2_images -ljpeg -lz'
INSTALLTARGETS='install_programs'
LDFLAGS=' '
LIBCOMMAND='/usr/bin/ar cr'
LIBOBJS=''
LIBPREFIX='lib'
LIBS='-lX11 -lXi -lXinerama -lXft -lpthread -lm  -lXext  -lsupc++'
LIBSUFFIX='.a'
LIBTARGET='static'
LINKFLTK='-lfltk2'
LINKFLTKGL='-lfltk2_gl'
LINKFLTKIMG='-lfltk2_images'
LINKSHARED='-L../lib -lfltk2_images -lfltk2'
LOCAL_IMAGELIBS=''
LOCAL_IMAGETARGETS=''
LTLIBOBJS=''
MAKEDEPEND='$(CXX) -MM -DMAKEDEPEND'
NROFF='/usr/bin/nroff'
OBJEXT='o'
OPTIM=' -O2 -Wall -Wunused '
PACKAGE_BUGREPORT=''
PACKAGE_NAME=''
PACKAGE_STRING=''
PACKAGE_TARNAME=''
PACKAGE_VERSION=''
PATH_SEPARATOR=':'
POSTBUILD=':'
RANLIB='ranlib'
SHAREDSUFFIX=''
SHELL='/bin/bash'
THEMECOMMAND='${CXX} -shared  -o'
THREADS='threads'
X_CFLAGS=''
X_EXTRA_LIBS=''
X_LIBS=''
X_PRE_LIBS=' -lSM -lICE'
ZLIBINC=''
ac_ct_CC='gcc'
ac_ct_CXX='g++'
ac_ct_RANLIB='ranlib'
bindir='${exec_prefix}/bin'
build_alias=''
datadir='${prefix}/share'
exec_prefix='${prefix}'
host_alias=''
includedir='${prefix}/include'
infodir='${prefix}/info'
libdir='${exec_prefix}/lib'
libexecdir='${exec_prefix}/libexec'
localstatedir='${prefix}/var'
mandir='${prefix}/man'
oldincludedir='/usr/include'
prefix='/usr/local/'
program_transform_name='s,x,x,'
sbindir='${exec_prefix}/sbin'
sharedstatedir='${prefix}/com'
sysconfdir='${prefix}/etc'
target_alias=''

## ----------- ##
## confdefs.h. ##
## ----------- ##

#define FLTK_DATADIR "/usr/local//share/fltk"
#define FLTK_DOCDIR "/usr/local//share/doc/fltk"
#define HAVE_DIRENT_H 1
#define HAVE_EXCEPTIONS 1
#define HAVE_GL 1
#define HAVE_GL_GLU_H 1
#define HAVE_INTTYPES_H 1
#define HAVE_LIBJPEG 1
#define HAVE_LIBPNG 1
#define HAVE_LIBPNG_PNG_H 1
#define HAVE_LIBPTHREAD 1
#define HAVE_LIBX11 1
#define HAVE_LIBZ 1
#define HAVE_MEMORY_H 1
#define HAVE_PNG_GET_VALID 1
#define HAVE_PNG_H 1
#define HAVE_PNG_SET_TRNS_TO_ALPHA 1
#define HAVE_PTHREAD 1
#define HAVE_PTHREAD_H 1
#define HAVE_RTTI 1
#define HAVE_SCANDIR 1
#define HAVE_SNPRINTF 1
#define HAVE_STDINT_H 1
#define HAVE_STDLIB_H 1
#define HAVE_STRCASECMP 1
#define HAVE_STRDUP 1
#define HAVE_STRINGS_H 1
#define HAVE_STRINGS_H 1
#define HAVE_STRING_H 1
#define HAVE_STRING_H 1
#define HAVE_STRNCASECMP 1
#define HAVE_SYS_SELECT_H 1
#define HAVE_SYS_STAT_H 1
#define HAVE_SYS_TYPES_H 1
#define HAVE_UNISTD_H 1
#define HAVE_VSNPRINTF 1
#define HAVE_XDBE 1
#define PACKAGE_BUGREPORT ""
#define PACKAGE_NAME ""
#define PACKAGE_STRING ""
#define PACKAGE_TARNAME ""
#define PACKAGE_VERSION ""
#define SIZEOF_INT 4
#define SIZEOF_LONG 4
#define SIZEOF_SHORT 2
#define STDC_HEADERS 1
#define U16 unsigned short
#define U32 unsigned
#define USE_XFT 1
#define USE_XINERAMA 1
#define USE_XSHM 1
#endif
#ifdef __cplusplus
extern "C" void std::exit (int) throw (); using std::exit;

configure: exit 0
